05112022 12:58:50 PM: INFO: Chromedriver is already installed.
05112022 12:58:52 PM: INFO: ***************** Test_001_Login **************************
05112022 12:58:52 PM: INFO: Verifying Home Page Title
05112022 12:58:55 PM: INFO: Home Page Title Test Is Passed
05112022 12:58:56 PM: INFO: Chromedriver is already installed.
05112022 12:59:07 PM: INFO: Login Page Test Is Passed
05112022 02:32:25 PM: INFO: Chromedriver is already installed.
05112022 02:32:36 PM: INFO: Login Page Test Is Passed
05112022 02:34:16 PM: INFO: Chromedriver is already installed.
05112022 02:34:17 PM: INFO: ***************** Test_001_Login **************************
05112022 02:34:17 PM: INFO: Verifying Home Page Title
05112022 02:34:20 PM: INFO: Home Page Title Test Is Passed
05112022 02:34:21 PM: INFO: Chromedriver is already installed.
05112022 02:34:30 PM: INFO: Login Page Test Is Passed
05 : 11 : 2022 02:37:36 PM: INFO: Chromedriver is already installed.
05 : 11 : 2022 02:37:37 PM: INFO: ***************** Test_001_Login **************************
05 : 11 : 2022 02:37:37 PM: INFO: Verifying Home Page Title
05 : 11 : 2022 02:37:40 PM: INFO: Home Page Title Test Is Passed
05 : 11 : 2022 02:37:41 PM: INFO: Chromedriver is already installed.
05 : 11 : 2022 02:37:49 PM: INFO: Login Page Test Is Passed
05-11-2022 02:38:36 PM: INFO: Chromedriver is already installed.
05-11-2022 02:38:38 PM: INFO: ***************** Test_001_Login **************************
05-11-2022 02:38:38 PM: INFO: Verifying Home Page Title
05-11-2022 02:38:41 PM: INFO: Home Page Title Test Is Passed
05-11-2022 02:38:41 PM: INFO: Chromedriver is already installed.
05-11-2022 02:38:50 PM: INFO: Login Page Test Is Passed
11-05-2022 02:39:34 PM: INFO: Chromedriver is already installed.
11-05-2022 02:39:35 PM: INFO: ***************** Test_001_Login **************************
11-05-2022 02:39:35 PM: INFO: Verifying Home Page Title
11-05-2022 02:39:38 PM: INFO: Home Page Title Test Is Passed
11-05-2022 02:39:39 PM: INFO: Chromedriver is already installed.
11-05-2022 02:39:47 PM: INFO: Login Page Test Is Passed
11-05-2022 02:42:07 PM: INFO: Chromedriver is already installed.
11-05-2022 02:42:08 PM: INFO: ***************** Test_001_Login **************************
11-05-2022 02:42:08 PM: INFO: ---Verifying Home Page Title---
11-05-2022 02:42:11 PM: INFO: ---Home Page Title Test Is Passed---
11-05-2022 02:42:12 PM: INFO: Chromedriver is already installed.
11-05-2022 02:42:13 PM: INFO: ---Verifying Login Test---
11-05-2022 02:42:20 PM: ERROR: ---Login Page Test Is Failed---
11-05-2022 09:19:45 PM: INFO: Chromedriver is already installed.
11-05-2022 09:19:47 PM: INFO: ***************** Test_001_Login **************************
11-05-2022 09:19:47 PM: INFO: ---Verifying Home Page Title---
11-05-2022 09:19:51 PM: INFO: ---Home Page Title Test Is Passed---
11-05-2022 09:19:51 PM: INFO: Chromedriver is already installed.
11-05-2022 09:19:53 PM: INFO: ---Verifying Login Test---
11-05-2022 09:19:59 PM: INFO: ---Login Page Test Is Passed---
12-05-2022 10:31:34 AM: INFO: Chromedriver is already installed.
12-05-2022 10:31:36 AM: INFO: ***************** Test_001_Login **************************
12-05-2022 10:31:36 AM: INFO: ---Verifying Home Page Title---
12-05-2022 10:31:40 AM: INFO: ---Home Page Title Test Is Passed---
12-05-2022 10:31:40 AM: INFO: Chromedriver is already installed.
12-05-2022 10:31:42 AM: INFO: ---Verifying Login Test---
12-05-2022 10:31:49 AM: INFO: ---Login Page Test Is Passed---
12-05-2022 12:34:44 PM: INFO: Chromedriver is already installed.
12-05-2022 12:34:46 PM: INFO: *****Test_002_DDT_Login*****
12-05-2022 12:34:46 PM: INFO: ---Verifying Login DDT Test---
12-05-2022 12:39:37 PM: INFO: Chromedriver is already installed.
12-05-2022 12:39:39 PM: INFO: *****Test_002_DDT_Login*****
12-05-2022 12:39:39 PM: INFO: ---Verifying Login DDT Test---
12-05-2022 12:47:06 PM: INFO: Chromedriver is already installed.
12-05-2022 12:47:07 PM: INFO: *****Test_002_DDT_Login*****
12-05-2022 12:47:07 PM: INFO: ---Verifying Login DDT Test---
12-05-2022 12:51:00 PM: INFO: Chromedriver is already installed.
12-05-2022 12:51:02 PM: INFO: *****Test_002_DDT_Login*****
12-05-2022 12:51:02 PM: INFO: ---Verifying Login DDT Test---
12-05-2022 12:54:27 PM: INFO: Chromedriver is already installed.
12-05-2022 12:54:28 PM: INFO: *****Test_002_DDT_Login*****
12-05-2022 12:54:28 PM: INFO: ---Verifying Login DDT Test---
12-05-2022 01:02:56 PM: INFO: *****Test_002_DDT_Login*****
12-05-2022 01:02:56 PM: INFO: ---Verifying Login DDT Test---
12-05-2022 01:09:03 PM: INFO: *****Test_002_DDT_Login*****
12-05-2022 01:09:03 PM: INFO: ---Verifying Login DDT Test---
12-05-2022 01:09:49 PM: INFO: *****Test_002_DDT_Login*****
12-05-2022 01:09:49 PM: INFO: ---Verifying Login DDT Test---
12-05-2022 01:10:02 PM: INFO: ---Passed---
12-05-2022 01:10:09 PM: INFO: ---Passed---
12-05-2022 01:12:31 PM: INFO: Chromedriver is already installed.
12-05-2022 01:12:32 PM: INFO: *****Test_002_DDT_Login*****
12-05-2022 01:12:32 PM: INFO: ---Verifying Login DDT Test---
12-05-2022 01:12:47 PM: INFO: ---Passed---
12-05-2022 01:12:54 PM: INFO: ---Passed---
12-05-2022 01:15:37 PM: INFO: Chromedriver is already installed.
12-05-2022 01:15:39 PM: INFO: *****Test_002_DDT_Login*****
12-05-2022 01:15:39 PM: INFO: ---Verifying Login DDT Test---
12-05-2022 01:15:52 PM: INFO: ---Passed---
12-05-2022 01:15:59 PM: INFO: ---Passed---
12-05-2022 01:19:02 PM: INFO: Chromedriver is already installed.
12-05-2022 01:19:04 PM: INFO: *****Test_002_DDT_Login*****
12-05-2022 01:19:04 PM: INFO: ---Verifying Login DDT Test---
12-05-2022 01:19:18 PM: INFO: ---Passed---
12-05-2022 01:19:22 PM: INFO: ---Passed---
12-05-2022 02:19:38 PM: INFO: Chromedriver is already installed.
12-05-2022 02:19:40 PM: INFO: *****Test_002_DDT_Login*****
12-05-2022 02:19:40 PM: INFO: ---Verifying Login DDT Test---
12-05-2022 02:20:47 PM: INFO: Chromedriver is already installed.
12-05-2022 02:20:48 PM: INFO: *****Test_002_DDT_Login*****
12-05-2022 02:20:48 PM: INFO: ---Verifying Login DDT Test---
12-05-2022 02:20:57 PM: INFO: ---Passed---
12-05-2022 02:21:02 PM: INFO: ---Passed---
12-05-2022 02:30:03 PM: INFO: Chromedriver is already installed.
12-05-2022 02:30:04 PM: INFO: *****Test_002_DDT_Login*****
12-05-2022 02:30:04 PM: INFO: ---Verifying Login DDT Test---
12-05-2022 02:30:14 PM: INFO: ---Passed---
12-05-2022 02:30:19 PM: INFO: ---Passed---
12-05-2022 02:33:38 PM: INFO: Chromedriver is already installed.
12-05-2022 02:33:39 PM: INFO: *****Test_002_DDT_Login*****
12-05-2022 02:33:39 PM: INFO: ---Verifying Login DDT Test---
12-05-2022 02:33:49 PM: INFO: ---Passed---
12-05-2022 02:33:53 PM: INFO: ---Passed---
12-05-2022 02:41:11 PM: INFO: Chromedriver is already installed.
12-05-2022 02:41:12 PM: INFO: *****Test_002_DDT_Login*****
12-05-2022 02:41:12 PM: INFO: ---Verifying Login DDT Test---
12-05-2022 02:41:21 PM: INFO: ---Passed---
12-05-2022 02:41:26 PM: INFO: ---Passed---
12-05-2022 02:42:10 PM: INFO: Chromedriver is already installed.
12-05-2022 02:42:12 PM: INFO: *****Test_002_DDT_Login*****
12-05-2022 02:42:12 PM: INFO: ---Verifying Login DDT Test---
12-05-2022 02:42:21 PM: INFO: ---Passed---
12-05-2022 02:42:26 PM: INFO: ---Passed---
12-05-2022 02:43:38 PM: INFO: Chromedriver is already installed.
12-05-2022 02:43:39 PM: INFO: *****Test_002_DDT_Login*****
12-05-2022 02:43:39 PM: INFO: ---Verifying Login DDT Test---
12-05-2022 02:43:50 PM: INFO: ---Passed---
12-05-2022 02:43:55 PM: INFO: ---Passed---
12-05-2022 02:45:34 PM: INFO: Chromedriver is already installed.
12-05-2022 02:45:36 PM: INFO: *****Test_002_DDT_Login*****
12-05-2022 02:45:36 PM: INFO: ---Verifying Login DDT Test---
12-05-2022 02:45:47 PM: INFO: ---Passed---
12-05-2022 02:45:52 PM: INFO: ---Passed---
12-05-2022 02:53:18 PM: INFO: Chromedriver is already installed.
12-05-2022 02:53:19 PM: INFO: *****Test_002_DDT_Login*****
12-05-2022 02:53:19 PM: INFO: ---Verifying Login DDT Test---
12-05-2022 02:53:31 PM: INFO: ---Passed---
12-05-2022 02:53:31 PM: INFO: ---Login DDT test Passed---
12-05-2022 02:53:31 PM: INFO: ***End of the Login DDT Test***
12-05-2022 02:53:31 PM: INFO: ***completed Test_002_DDT_Login***
12-05-2022 02:58:01 PM: INFO: Chromedriver is already installed.
12-05-2022 02:58:02 PM: INFO: *****Test_002_DDT_Login*****
12-05-2022 02:58:02 PM: INFO: ---Verifying Login DDT Test---
12-05-2022 02:58:12 PM: INFO: ---Passed---
12-05-2022 02:58:17 PM: INFO: ---Passed---
12-05-2022 03:21:59 PM: INFO: Chromedriver is already installed.
12-05-2022 03:22:00 PM: INFO: *****Test_002_DDT_Login*****
12-05-2022 03:22:00 PM: INFO: ---Verifying Login DDT Test---
12-05-2022 03:22:09 PM: INFO: ---Passed---
12-05-2022 03:22:14 PM: INFO: ---Passed---
12-05-2022 03:31:00 PM: INFO: Chromedriver is already installed.
12-05-2022 03:31:01 PM: INFO: *****Test_002_DDT_Login*****
12-05-2022 03:31:01 PM: INFO: ---Verifying Login DDT Test---
12-05-2022 03:31:12 PM: INFO: ---Passed---
12-05-2022 03:31:17 PM: INFO: ---Passed---
12-05-2022 03:34:14 PM: INFO: Chromedriver is already installed.
12-05-2022 03:34:16 PM: INFO: *****Test_002_DDT_Login*****
12-05-2022 03:34:16 PM: INFO: ---Verifying Login DDT Test---
12-05-2022 03:34:27 PM: INFO: ---Passed---
12-05-2022 03:34:32 PM: INFO: ---Passed---
12-05-2022 03:39:07 PM: INFO: Chromedriver is already installed.
12-05-2022 03:39:09 PM: INFO: *****Test_002_DDT_Login*****
12-05-2022 03:39:09 PM: INFO: ---Verifying Login DDT Test---
12-05-2022 03:39:19 PM: INFO: ---Passed---
12-05-2022 03:39:24 PM: INFO: ---Passed---
12-05-2022 03:43:54 PM: INFO: Chromedriver is already installed.
12-05-2022 03:43:56 PM: INFO: *****Test_002_DDT_Login*****
12-05-2022 03:43:56 PM: INFO: ---Verifying Login DDT Test---
12-05-2022 03:44:07 PM: INFO: ---Passed---
12-05-2022 03:44:12 PM: INFO: ---Passed---
12-05-2022 03:47:16 PM: INFO: Chromedriver is already installed.
12-05-2022 03:47:17 PM: INFO: *****Test_002_DDT_Login*****
12-05-2022 03:47:17 PM: INFO: ---Verifying Login DDT Test---  WATCH TESTIGN .....
12-05-2022 03:47:28 PM: INFO: ---Passed---
12-05-2022 03:47:33 PM: INFO: ---Passed---
12-05-2022 03:49:04 PM: INFO: Chromedriver is already installed.
12-05-2022 03:49:05 PM: INFO: *****Test_002_DDT_Login*****
12-05-2022 03:49:05 PM: INFO: ---Verifying Login DDT Test---  WATCH TESTIGN .....
12-05-2022 03:49:05 PM: INFO: ----------------------------------
12-05-2022 03:49:08 PM: INFO: I am here about to call Login
12-05-2022 03:49:56 PM: INFO: Chromedriver is already installed.
12-05-2022 03:49:57 PM: INFO: *****Test_002_DDT_Login*****
12-05-2022 03:49:57 PM: INFO: ---Verifying Login DDT Test---  WATCH TESTIGN .....
12-05-2022 03:49:57 PM: INFO: ----------------------------------
12-05-2022 03:50:00 PM: INFO: I am here about to call Login
12-05-2022 03:50:36 PM: INFO: Chromedriver is already installed.
12-05-2022 03:50:37 PM: INFO: *****Test_002_DDT_Login*****
12-05-2022 03:50:37 PM: INFO: ---Verifying Login DDT Test---  WATCH TESTIGN .....
12-05-2022 03:50:37 PM: INFO: ----------------------------------
12-05-2022 03:50:40 PM: INFO: I am here about to call Login
12-05-2022 03:50:48 PM: INFO: ---Passed---
12-05-2022 03:50:53 PM: INFO: ---Passed---
12-05-2022 03:53:07 PM: INFO: Chromedriver is already installed.
12-05-2022 03:53:08 PM: INFO: *****Test_002_DDT_Login*****
12-05-2022 03:53:08 PM: INFO: ---Verifying Login DDT Test---  WATCH TESTIGN .....
12-05-2022 03:53:08 PM: INFO: ----------------------------------
12-05-2022 03:53:12 PM: INFO: I am here about to call Login
12-05-2022 03:53:12 PM: INFO: i am displaying path below .... 
12-05-2022 03:53:12 PM: INFO: C:\Users\getma\PycharmProjects\Alb\TestData\LoginData.xlsx
12-05-2022 03:53:19 PM: INFO: ---Passed---
12-05-2022 03:53:24 PM: INFO: ---Passed---
12-05-2022 03:55:08 PM: INFO: Chromedriver is already installed.
12-05-2022 03:55:09 PM: INFO: *****Test_002_DDT_Login*****
12-05-2022 03:55:09 PM: INFO: ---Verifying Login DDT Test---  WATCH TESTIGN .....
12-05-2022 03:55:09 PM: INFO: ----------------------------------
12-05-2022 03:55:12 PM: INFO: I am here about to call Login
12-05-2022 03:55:12 PM: INFO: i am displaying path below .... 
12-05-2022 03:55:12 PM: INFO: C:\Users\getma\PycharmProjects\Alb\TestData\LoginData.xlsx
12-05-2022 03:55:12 PM: INFO: i am displaying rows selected  .... 
12-05-2022 03:55:12 PM: INFO: 6
12-05-2022 03:55:20 PM: INFO: ---Passed---
12-05-2022 03:55:25 PM: INFO: ---Passed---
12-05-2022 03:57:37 PM: INFO: Chromedriver is already installed.
12-05-2022 03:57:39 PM: INFO: *****Test_002_DDT_Login*****
12-05-2022 03:57:39 PM: INFO: ---Verifying Login DDT Test---  WATCH TESTIGN .....
12-05-2022 03:57:39 PM: INFO: ----------------------------------
12-05-2022 03:57:43 PM: INFO: I am here about to call Login
12-05-2022 03:57:43 PM: INFO: i am displaying path below .... 
12-05-2022 03:57:43 PM: INFO: C:\Users\getma\PycharmProjects\Alb\TestData\LoginData.xlsx
12-05-2022 03:57:43 PM: INFO: i am displaying rows selected  .... 
12-05-2022 03:57:43 PM: INFO: 3
12-05-2022 03:57:50 PM: INFO: ---Passed---
12-05-2022 03:57:55 PM: INFO: ---Passed---
12-05-2022 03:57:55 PM: INFO: ---Login DDT test Passed---
12-05-2022 04:03:15 PM: INFO: Chromedriver is already installed.
12-05-2022 04:03:16 PM: INFO: *****Test_002_DDT_Login*****
12-05-2022 04:03:16 PM: INFO: ---Verifying Login DDT Test---  WATCH TESTIGN .....
12-05-2022 04:03:16 PM: INFO: ----------------------------------
12-05-2022 04:03:19 PM: INFO: I am here about to call Login
12-05-2022 04:03:19 PM: INFO: i am displaying path below .... 
12-05-2022 04:03:19 PM: INFO: C:\Users\getma\PycharmProjects\Alb\TestData\LoginData.xlsx
12-05-2022 04:03:19 PM: INFO: i am displaying rows selected  .... 
12-05-2022 04:03:19 PM: INFO: 3
12-05-2022 04:03:28 PM: INFO: ---Passed1---
12-05-2022 04:03:33 PM: INFO: ---Passed4---
12-05-2022 04:03:33 PM: INFO: ---Login DDT test Passed---
12-05-2022 04:08:29 PM: INFO: Chromedriver is already installed.
12-05-2022 04:08:31 PM: INFO: *****Test_002_DDT_Login*****
12-05-2022 04:08:31 PM: INFO: ---Verifying Login DDT Test---  WATCH TESTIGN .....
12-05-2022 04:08:31 PM: INFO: ----------------------------------
12-05-2022 04:08:33 PM: INFO: I am here about to call Login
12-05-2022 04:08:33 PM: INFO: i am displaying path below .... 
12-05-2022 04:08:33 PM: INFO: C:\Users\getma\PycharmProjects\Alb\TestData\LoginData.xlsx
12-05-2022 04:08:33 PM: INFO: Total number of rows:
12-05-2022 04:08:33 PM: INFO: 3
12-05-2022 04:08:41 PM: INFO: ---Passed1---
12-05-2022 04:08:46 PM: INFO: ---Passed4---
12-05-2022 04:08:46 PM: INFO: status
12-05-2022 04:08:46 PM: INFO: ---Login DDT test Passed---
12-05-2022 04:09:27 PM: INFO: Chromedriver is already installed.
12-05-2022 04:09:29 PM: INFO: *****Test_002_DDT_Login*****
12-05-2022 04:09:29 PM: INFO: ---Verifying Login DDT Test---  WATCH TESTIGN .....
12-05-2022 04:09:29 PM: INFO: ----------------------------------
12-05-2022 04:09:31 PM: INFO: I am here about to call Login
12-05-2022 04:09:31 PM: INFO: i am displaying path below .... 
12-05-2022 04:09:31 PM: INFO: C:\Users\getma\PycharmProjects\Alb\TestData\LoginData.xlsx
12-05-2022 04:09:32 PM: INFO: Total number of rows:
12-05-2022 04:09:32 PM: INFO: 3
12-05-2022 04:09:39 PM: INFO: ---Passed1---
12-05-2022 04:09:44 PM: INFO: ---Passed4---
12-05-2022 04:09:44 PM: INFO: status
12-05-2022 04:09:44 PM: INFO: ---Login DDT test Passed---
12-05-2022 04:10:32 PM: INFO: Chromedriver is already installed.
12-05-2022 04:10:33 PM: INFO: *****Test_002_DDT_Login*****
12-05-2022 04:10:33 PM: INFO: ---Verifying Login DDT Test---  WATCH TESTIGN .....
12-05-2022 04:10:33 PM: INFO: ----------------------------------
12-05-2022 04:10:36 PM: INFO: I am here about to call Login
12-05-2022 04:10:36 PM: INFO: i am displaying path below .... 
12-05-2022 04:10:36 PM: INFO: C:\Users\getma\PycharmProjects\Alb\TestData\LoginData.xlsx
12-05-2022 04:10:36 PM: INFO: Total number of rows:
12-05-2022 04:10:36 PM: INFO: 3
12-05-2022 04:10:44 PM: INFO: ---Passed1---
12-05-2022 04:10:49 PM: INFO: ---Passed4---
12-05-2022 04:10:49 PM: INFO: status
12-05-2022 04:10:49 PM: INFO: ---Login DDT test Passed---
12-05-2022 04:11:13 PM: INFO: Chromedriver is already installed.
12-05-2022 04:11:14 PM: INFO: *****Test_002_DDT_Login*****
12-05-2022 04:11:14 PM: INFO: ---Verifying Login DDT Test---  WATCH TESTIGN .....
12-05-2022 04:11:14 PM: INFO: ----------------------------------
12-05-2022 04:11:17 PM: INFO: I am here about to call Login
12-05-2022 04:11:17 PM: INFO: i am displaying path below .... 
12-05-2022 04:11:17 PM: INFO: C:\Users\getma\PycharmProjects\Alb\TestData\LoginData.xlsx
12-05-2022 04:11:17 PM: INFO: Total number of rows:
12-05-2022 04:11:17 PM: INFO: 3
12-05-2022 04:11:26 PM: INFO: ---Passed1---
12-05-2022 04:11:31 PM: INFO: ---Passed4---
12-05-2022 04:11:31 PM: INFO: status
12-05-2022 04:11:31 PM: INFO: ---Login DDT test Passed---
12-05-2022 04:11:31 PM: INFO: ***End of the Login DDT Test***
12-05-2022 04:11:31 PM: INFO: ***completed Test_002_DDT_Login***
12-05-2022 04:11:31 PM: INFO: ***End of the Login DDT Test***
12-05-2022 04:11:31 PM: INFO: ***completed Test_002_DDT_Login***
12-05-2022 04:13:00 PM: INFO: Chromedriver is already installed.
12-05-2022 04:13:01 PM: INFO: *****Test_002_DDT_Login*****
12-05-2022 04:13:01 PM: INFO: ---Verifying Login DDT Test---  WATCH TESTIGN .....
12-05-2022 04:13:01 PM: INFO: ----------------------------------
12-05-2022 04:13:04 PM: INFO: I am here about to call Login
12-05-2022 04:13:04 PM: INFO: i am displaying path below .... 
12-05-2022 04:13:04 PM: INFO: C:\Users\getma\PycharmProjects\Alb\TestData\LoginData.xlsx
12-05-2022 04:13:04 PM: INFO: Total number of rows:
12-05-2022 04:13:04 PM: INFO: 3
12-05-2022 04:13:12 PM: INFO: ---Passed---
12-05-2022 04:13:17 PM: INFO: ---Passed---
12-05-2022 04:13:17 PM: INFO: ---Login DDT test Passed---
12-05-2022 04:13:17 PM: INFO: ***End of the Login DDT Test***
12-05-2022 04:13:17 PM: INFO: ***completed Test_002_DDT_Login***
12-05-2022 04:13:17 PM: INFO: ***End of the Login DDT Test***
12-05-2022 04:13:17 PM: INFO: ***completed Test_002_DDT_Login***
12-05-2022 04:14:42 PM: INFO: Chromedriver is already installed.
12-05-2022 04:14:44 PM: INFO: *****Test_002_DDT_Login*****
12-05-2022 04:14:44 PM: INFO: ---Verifying Login DDT Test---  WATCH TESTIGN .....
12-05-2022 04:14:44 PM: INFO: ----------------------------------
12-05-2022 04:14:47 PM: INFO: I am here about to call Login
12-05-2022 04:14:47 PM: INFO: i am displaying path below .... 
12-05-2022 04:14:55 PM: INFO: ---Passed---
12-05-2022 04:14:59 PM: INFO: ---Passed---
12-05-2022 04:15:00 PM: INFO: ---Login DDT test Passed---
12-05-2022 04:15:00 PM: INFO: ***End of the Login DDT Test***
12-05-2022 04:15:00 PM: INFO: ***completed Test_002_DDT_Login***
12-05-2022 04:15:00 PM: INFO: ***End of the Login DDT Test***
12-05-2022 04:15:00 PM: INFO: ***completed Test_002_DDT_Login***
12-05-2022 04:16:13 PM: INFO: Chromedriver is already installed.
12-05-2022 04:16:14 PM: INFO: *****Test_002_DDT_Login*****
12-05-2022 04:16:14 PM: INFO: ---Verifying Login DDT Test---
12-05-2022 04:16:26 PM: INFO: ---Passed---
12-05-2022 04:16:31 PM: INFO: ---Passed---
12-05-2022 04:16:31 PM: INFO: ---Login DDT test Passed---
12-05-2022 04:16:31 PM: INFO: ***End of the Login DDT Test***
12-05-2022 04:16:31 PM: INFO: ***completed Test_002_DDT_Login***
12-05-2022 04:16:31 PM: INFO: ***End of the Login DDT Test***
12-05-2022 04:16:31 PM: INFO: ***completed Test_002_DDT_Login***
12-05-2022 04:16:54 PM: INFO: Chromedriver is already installed.
12-05-2022 04:16:55 PM: INFO: *****Test_002_DDT_Login*****
12-05-2022 04:16:55 PM: INFO: ---Verifying Login DDT Test---
12-05-2022 04:17:08 PM: INFO: ---Passed---
12-05-2022 04:17:13 PM: INFO: ---Passed---
12-05-2022 04:17:13 PM: INFO: ---Login DDT test Passed---
12-05-2022 04:17:13 PM: INFO: ***End of the Login DDT Test***
12-05-2022 04:17:13 PM: INFO: ***completed Test_002_DDT_Login***
12-05-2022 04:17:13 PM: INFO: ***End of the Login DDT Test***
12-05-2022 04:17:13 PM: INFO: ***completed Test_002_DDT_Login***
12-05-2022 04:20:58 PM: INFO: Chromedriver is already installed.
12-05-2022 04:21:00 PM: INFO: *****Test_002_DDT_Login*****
12-05-2022 04:21:00 PM: INFO: ---Verifying Login DDT Test---
12-05-2022 04:21:13 PM: INFO: ---Passed---
12-05-2022 04:21:18 PM: INFO: ---Passed---
12-05-2022 04:21:18 PM: INFO: ---Login DDT test Passed---
12-05-2022 04:21:18 PM: INFO: ***End of the Login DDT Test***
12-05-2022 04:21:18 PM: INFO: ***completed Test_002_DDT_Login***
12-05-2022 04:21:18 PM: INFO: ***End of the Login DDT Test***
12-05-2022 04:21:18 PM: INFO: ***completed Test_002_DDT_Login***
12-05-2022 10:23:18 PM: INFO: Chromedriver is already installed.
12-05-2022 10:23:19 PM: INFO: ************* Test_003_AddCustomer **********
12-05-2022 10:23:26 PM: INFO: ************* Login succesful **********
12-05-2022 10:23:26 PM: INFO: ******* Starting Add Customer Test **********
12-05-2022 10:23:27 PM: INFO: ************* Providing customer info **********
12-05-2022 10:31:20 PM: INFO: Chromedriver is already installed.
12-05-2022 10:31:21 PM: INFO: ************* Test_003_AddCustomer **********
12-05-2022 10:31:28 PM: INFO: ************* Login succesful **********
12-05-2022 10:31:28 PM: INFO: ******* Starting Add Customer Test **********
12-05-2022 10:31:29 PM: INFO: ************* Providing customer info **********
12-05-2022 10:33:19 PM: INFO: Chromedriver is already installed.
12-05-2022 10:33:20 PM: INFO: ************* Test_003_AddCustomer **********
12-05-2022 10:33:27 PM: INFO: ************* Login succesful **********
12-05-2022 10:33:27 PM: INFO: ******* Starting Add Customer Test **********
12-05-2022 10:33:28 PM: INFO: ************* Providing customer info **********
12-05-2022 10:39:31 PM: INFO: Chromedriver is already installed.
12-05-2022 10:39:33 PM: INFO: ************* Test_003_AddCustomer **********
12-05-2022 10:39:40 PM: INFO: ************* Login succesful **********
12-05-2022 10:39:40 PM: INFO: ******* Starting Add Customer Test **********
12-05-2022 10:39:42 PM: INFO: ************* Providing customer info **********
12-05-2022 10:40:36 PM: INFO: Chromedriver is already installed.
12-05-2022 10:40:38 PM: INFO: ************* Test_003_AddCustomer **********
12-05-2022 10:40:44 PM: INFO: ************* Login succesful **********
12-05-2022 10:40:44 PM: INFO: ******* Starting Add Customer Test **********
12-05-2022 10:40:46 PM: INFO: ************* Providing customer info **********
12-05-2022 10:40:46 PM: INFO: ************* Saving customer info **********
12-05-2022 10:40:46 PM: INFO: ********* Add customer validation started *****************
12-05-2022 10:40:46 PM: INFO: ******* Ending Add customer test **********
12-05-2022 10:41:18 PM: INFO: Chromedriver is already installed.
12-05-2022 10:41:20 PM: INFO: ************* Test_003_AddCustomer **********
12-05-2022 10:41:26 PM: INFO: ************* Login succesful **********
12-05-2022 10:41:26 PM: INFO: ******* Starting Add Customer Test **********
12-05-2022 10:41:27 PM: INFO: ************* Providing customer info **********
12-05-2022 10:41:31 PM: INFO: ************* Saving customer info **********
12-05-2022 10:41:31 PM: INFO: ********* Add customer validation started *****************
12-05-2022 10:41:31 PM: INFO: ******* Ending Add customer test **********
12-05-2022 10:43:08 PM: INFO: Chromedriver is already installed.
12-05-2022 10:43:10 PM: INFO: ************* Test_003_AddCustomer **********
12-05-2022 10:43:17 PM: INFO: ************* Login successful **********
12-05-2022 10:43:17 PM: INFO: ******* Starting Add Customer Test **********
12-05-2022 10:43:18 PM: INFO: ************* Providing customer info **********
12-05-2022 10:43:21 PM: INFO: ************* Saving customer info **********
12-05-2022 10:43:21 PM: INFO: ********* Add customer validation started *****************
12-05-2022 10:43:21 PM: INFO: ******* Ending Add customer test **********
13-05-2022 09:49:40 AM: INFO: Chromedriver is already installed.
13-05-2022 09:49:42 AM: INFO: ************* Test_003_AddCustomer **********
13-05-2022 09:49:55 AM: INFO: ************* Login successful **********
13-05-2022 09:49:55 AM: INFO: ******* Starting Add Customer Test **********
13-05-2022 09:49:57 AM: INFO: ************* Providing customer info **********
13-05-2022 09:50:00 AM: INFO: ************* Saving customer info **********
13-05-2022 09:50:00 AM: INFO: ********* Add customer validation started *****************
13-05-2022 09:50:02 AM: INFO: ******* Ending Add customer test **********
13-05-2022 09:55:32 AM: INFO: Chromedriver is already installed.
13-05-2022 09:55:34 AM: INFO: ************* Test_003_AddCustomer **********
13-05-2022 09:55:44 AM: INFO: ************* Login successful **********
13-05-2022 09:55:44 AM: INFO: ******* Starting Add Customer Test **********
13-05-2022 09:55:45 AM: INFO: ************* Providing customer info **********
13-05-2022 09:55:49 AM: INFO: ************* Saving customer info **********
13-05-2022 09:55:49 AM: INFO: ********* Add customer validation started *****************
13-05-2022 09:55:49 AM: INFO: ******* Ending Add customer test **********
13-05-2022 10:12:30 AM: INFO: Chromedriver is already installed.
13-05-2022 10:12:32 AM: INFO: ************* Test_003_AddCustomer **********
13-05-2022 10:12:40 AM: INFO: ************* Login successful **********
13-05-2022 10:12:40 AM: INFO: ******* Starting Add Customer Test **********
13-05-2022 10:12:41 AM: INFO: ************* Providing customer info **********
13-05-2022 10:12:45 AM: INFO: ************* Saving customer info **********
13-05-2022 10:12:45 AM: INFO: ********* Add customer validation started *****************
13-05-2022 10:12:45 AM: INFO: ******* Ending Add customer test **********
13-05-2022 10:28:32 AM: INFO: Chromedriver is already installed.
13-05-2022 10:28:34 AM: INFO: ************* Test_003_AddCustomer **********
13-05-2022 10:28:43 AM: INFO: ************* Login successful **********
13-05-2022 10:28:43 AM: INFO: ******* Starting Add Customer Test **********
13-05-2022 10:28:44 AM: INFO: ************* Providing customer info **********
13-05-2022 10:28:47 AM: INFO: ************* Saving customer info **********
13-05-2022 10:28:47 AM: INFO: ********* Add customer validation started *****************
13-05-2022 10:28:47 AM: INFO: ******* Ending Add customer test **********
13-05-2022 10:34:23 AM: INFO: Chromedriver is already installed.
13-05-2022 10:34:25 AM: INFO: ************* Test_003_AddCustomer **********
13-05-2022 10:34:33 AM: INFO: ************* Login successful **********
13-05-2022 10:34:33 AM: INFO: ******* Starting Add Customer Test **********
13-05-2022 10:34:35 AM: INFO: ************* Providing customer info **********
13-05-2022 10:34:38 AM: INFO: ************* Saving customer info **********
13-05-2022 10:34:38 AM: INFO: ********* Add customer validation started *****************
13-05-2022 10:34:38 AM: INFO: ******* Ending Add customer test **********
13-05-2022 10:50:55 AM: INFO: Chromedriver is already installed.
13-05-2022 10:50:56 AM: INFO: ************* Test_003_AddCustomer **********
13-05-2022 10:51:06 AM: INFO: ************* Login successful **********
13-05-2022 10:51:06 AM: INFO: ******* Starting Add Customer Test **********
13-05-2022 10:51:07 AM: INFO: ************* Providing customer info **********
13-05-2022 10:51:11 AM: INFO: ************* Saving customer info **********
13-05-2022 10:51:11 AM: INFO: ********* Add customer validation started *****************
13-05-2022 10:51:11 AM: INFO: ******* Ending Add customer test **********
13-05-2022 10:51:56 AM: INFO: Chromedriver is already installed.
13-05-2022 10:51:58 AM: INFO: ************* Test_003_AddCustomer **********
13-05-2022 10:52:07 AM: INFO: ************* Login successful **********
13-05-2022 10:52:07 AM: INFO: ******* Starting Add Customer Test **********
13-05-2022 10:52:08 AM: INFO: ************* Providing customer info **********
13-05-2022 10:52:12 AM: INFO: ************* Saving customer info **********
13-05-2022 10:52:12 AM: INFO: ********* Add customer validation started *****************
13-05-2022 10:52:12 AM: INFO: ******* Ending Add customer test **********
13-05-2022 10:54:43 AM: INFO: Chromedriver is already installed.
13-05-2022 10:54:44 AM: INFO: ************* Test_003_AddCustomer **********
13-05-2022 10:54:54 AM: INFO: ************* Login successful **********
13-05-2022 10:54:54 AM: INFO: ******* Starting Add Customer Test **********
13-05-2022 10:54:55 AM: INFO: ************* Providing customer info **********
13-05-2022 10:54:59 AM: INFO: ************* Saving customer info **********
13-05-2022 10:54:59 AM: INFO: ********* Add customer validation started *****************
13-05-2022 10:55:00 AM: INFO: ******* Ending Add customer test **********
13-05-2022 10:55:23 AM: INFO: Chromedriver is already installed.
13-05-2022 10:55:24 AM: INFO: ************* Test_003_AddCustomer **********
13-05-2022 10:55:33 AM: INFO: ************* Login successful **********
13-05-2022 10:55:33 AM: INFO: ******* Starting Add Customer Test **********
13-05-2022 10:55:35 AM: INFO: ************* Providing customer info **********
13-05-2022 10:55:39 AM: INFO: ************* Saving customer info **********
13-05-2022 10:55:39 AM: INFO: ********* Add customer validation started *****************
13-05-2022 10:55:39 AM: INFO: ******* Ending Add customer test **********
13-05-2022 11:09:46 AM: INFO: Chromedriver is already installed.
13-05-2022 11:09:48 AM: INFO: ************* Test_003_AddCustomer **********
13-05-2022 11:09:56 AM: INFO: ************* Login successful **********
13-05-2022 11:09:56 AM: INFO: ******* Starting Add Customer Test **********
13-05-2022 11:09:58 AM: INFO: ************* Providing customer info **********
13-05-2022 11:10:02 AM: INFO: ************* Saving customer info **********
13-05-2022 11:10:02 AM: INFO: ********* Add customer validation started *****************
13-05-2022 11:10:02 AM: INFO: ******* Ending Add customer test **********
13-05-2022 11:56:23 AM: INFO: Chromedriver is already installed.
13-05-2022 11:56:25 AM: INFO: ************* Test_003_AddCustomer **********
13-05-2022 11:56:32 AM: INFO: ************* Login successful **********
13-05-2022 11:56:32 AM: INFO: ******* Starting Add Customer Test **********
13-05-2022 11:56:33 AM: INFO: ************* Providing customer info **********
13-05-2022 11:56:37 AM: INFO: ************* Saving customer info **********
13-05-2022 11:56:37 AM: INFO: ********* Add customer validation started *****************
13-05-2022 11:56:37 AM: INFO: ******* Ending Add customer test **********
13-05-2022 12:19:02 PM: INFO: Chromedriver is already installed.
13-05-2022 12:19:04 PM: INFO: ************* Test_003_AddCustomer **********
13-05-2022 12:19:10 PM: INFO: ************* Login successful **********
13-05-2022 12:19:10 PM: INFO: ******* Starting Add Customer Test **********
13-05-2022 12:19:11 PM: INFO: ************* Providing customer info **********
13-05-2022 12:19:15 PM: INFO: ************* Saving customer info **********
13-05-2022 12:19:15 PM: INFO: ********* Add customer validation started *****************
13-05-2022 12:19:15 PM: INFO: ******* Ending Add customer test **********
13-05-2022 12:24:51 PM: INFO: Chromedriver is already installed.
13-05-2022 12:24:52 PM: INFO: ************* Test_003_AddCustomer **********
13-05-2022 12:25:00 PM: INFO: ************* Login successful **********
13-05-2022 12:25:00 PM: INFO: ******* Starting Add Customer Test **********
13-05-2022 12:25:01 PM: INFO: ************* Providing customer info **********
13-05-2022 12:25:05 PM: INFO: ************* Saving customer info **********
13-05-2022 12:25:05 PM: INFO: ********* Add customer validation started *****************
13-05-2022 12:29:10 PM: INFO: Chromedriver is already installed.
13-05-2022 12:29:11 PM: INFO: ************* Test_003_AddCustomer **********
13-05-2022 12:29:17 PM: INFO: ************* Login successful **********
13-05-2022 12:29:17 PM: INFO: ******* Starting Add Customer Test **********
13-05-2022 12:29:18 PM: INFO: ************* Providing customer info **********
13-05-2022 12:29:22 PM: INFO: ************* Saving customer info **********
13-05-2022 12:29:22 PM: INFO: ********* Add customer validation started *****************
13-05-2022 12:31:43 PM: INFO: Chromedriver is already installed.
13-05-2022 12:31:44 PM: INFO: ************* Test_003_AddCustomer **********
13-05-2022 12:31:50 PM: INFO: ************* Login successful **********
13-05-2022 12:31:50 PM: INFO: ******* Starting Add Customer Test **********
13-05-2022 12:31:51 PM: INFO: ************* Providing customer info **********
13-05-2022 12:31:55 PM: INFO: ************* Saving customer info **********
13-05-2022 12:31:55 PM: INFO: ********* Add customer validation started *****************
13-05-2022 12:31:55 PM: INFO: ********* Add customer Test Passed *********
13-05-2022 12:31:55 PM: INFO: ******* Ending Add customer test **********
13-05-2022 12:38:51 PM: INFO: Chromedriver is already installed.
13-05-2022 12:38:52 PM: INFO: ************* Test_003_AddCustomer **********
13-05-2022 12:39:01 PM: INFO: ************* Login successful **********
13-05-2022 12:39:01 PM: INFO: ******* Starting Add Customer Test **********
13-05-2022 12:39:02 PM: INFO: ************* Providing customer info **********
13-05-2022 12:39:06 PM: INFO: ************* Saving customer info **********
13-05-2022 12:39:06 PM: INFO: ********* Add customer validation started *****************
13-05-2022 12:43:37 PM: INFO: Chromedriver is already installed.
13-05-2022 12:43:38 PM: INFO: ************* Test_003_AddCustomer **********
13-05-2022 12:43:47 PM: INFO: ************* Login successful **********
13-05-2022 12:43:47 PM: INFO: ******* Starting Add Vendor Test **********
13-05-2022 12:43:48 PM: INFO: ************* Providing Vendor info **********
13-05-2022 12:43:52 PM: INFO: ************* Saving Vendor info **********
13-05-2022 12:43:52 PM: INFO: ********* Add Vendor validation started *****************
13-05-2022 12:47:49 PM: INFO: Chromedriver is already installed.
13-05-2022 12:47:51 PM: INFO: ************* Test_003_AddCustomer **********
13-05-2022 12:47:59 PM: INFO: ************* Login successful **********
13-05-2022 12:47:59 PM: INFO: ******* Starting Add Vendor Test **********
13-05-2022 12:48:00 PM: INFO: ************* Providing Vendor info **********
13-05-2022 12:48:04 PM: INFO: ************* Saving Vendor info **********
13-05-2022 12:48:04 PM: INFO: ********* Add Vendor validation started *****************
13-05-2022 12:48:58 PM: INFO: Chromedriver is already installed.
13-05-2022 12:49:00 PM: INFO: ************* Test_003_AddCustomer **********
13-05-2022 12:49:08 PM: INFO: ************* Login successful **********
13-05-2022 12:49:08 PM: INFO: ******* Starting Add Vendor Test **********
13-05-2022 12:49:09 PM: INFO: ************* Providing Vendor info **********
13-05-2022 12:49:13 PM: INFO: ************* Saving Vendor info **********
13-05-2022 12:49:13 PM: INFO: ********* Add Vendor validation started *****************
13-05-2022 12:52:34 PM: INFO: Chromedriver is already installed.
13-05-2022 12:52:36 PM: INFO: ************* Test_003_AddCustomer **********
13-05-2022 12:52:43 PM: INFO: ************* Login successful **********
13-05-2022 12:52:43 PM: INFO: ******* Starting Add Vendor Test **********
13-05-2022 12:52:44 PM: INFO: ************* Providing Vendor info **********
13-05-2022 12:52:48 PM: INFO: ************* Saving Vendor info **********
13-05-2022 12:52:48 PM: INFO: ********* Add Vendor validation started *****************
13-05-2022 12:53:08 PM: INFO: Chromedriver is already installed.
13-05-2022 12:53:09 PM: INFO: ************* Test_003_AddCustomer **********
13-05-2022 12:53:16 PM: INFO: ************* Login successful **********
13-05-2022 12:53:16 PM: INFO: ******* Starting Add Vendor Test **********
13-05-2022 12:53:17 PM: INFO: ************* Providing Vendor info **********
13-05-2022 12:53:21 PM: INFO: ************* Saving Vendor info **********
13-05-2022 12:53:21 PM: INFO: ********* Add Vendor validation started *****************
13-05-2022 01:01:02 PM: INFO: Chromedriver is already installed.
13-05-2022 01:01:04 PM: INFO: ************* Test_003_AddCustomer **********
13-05-2022 01:01:10 PM: INFO: ************* Login successful **********
13-05-2022 01:01:10 PM: INFO: ******* Starting Add Vendor Test **********
13-05-2022 01:01:11 PM: INFO: ************* Providing Vendor info **********
13-05-2022 01:01:15 PM: INFO: ************* Saving Vendor info **********
13-05-2022 01:01:15 PM: INFO: ********* Add Vendor validation started *****************
13-05-2022 01:01:37 PM: INFO: Chromedriver is already installed.
13-05-2022 01:01:39 PM: INFO: ************* Test_003_AddCustomer **********
13-05-2022 01:01:45 PM: INFO: ************* Login successful **********
13-05-2022 01:01:45 PM: INFO: ******* Starting Add Vendor Test **********
13-05-2022 01:01:47 PM: INFO: ************* Providing Vendor info **********
13-05-2022 01:01:51 PM: INFO: ************* Saving Vendor info **********
13-05-2022 01:01:51 PM: INFO: ********* Add Vendor validation started *****************
13-05-2022 01:01:51 PM: INFO: ********* Add Vendor Test Passed *********
13-05-2022 01:01:51 PM: INFO: ******* Ending Add Vendor test **********
13-05-2022 01:02:30 PM: INFO: Chromedriver is already installed.
13-05-2022 01:02:31 PM: INFO: ************* Test_003_AddCustomer **********
13-05-2022 01:02:37 PM: INFO: ************* Login successful **********
13-05-2022 01:02:37 PM: INFO: ******* Starting Add Vendor Test **********
13-05-2022 01:02:38 PM: INFO: ************* Providing Vendor info **********
13-05-2022 01:02:43 PM: INFO: ************* Saving Vendor info **********
13-05-2022 01:02:43 PM: INFO: ********* Add Vendor validation started *****************
13-05-2022 01:05:02 PM: INFO: Chromedriver is already installed.
13-05-2022 01:05:04 PM: INFO: ************* Test_003_AddCustomer **********
13-05-2022 01:05:10 PM: INFO: ************* Login successful **********
13-05-2022 01:05:10 PM: INFO: ******* Starting Add Vendor Test **********
13-05-2022 01:05:11 PM: INFO: ************* Providing Vendor info **********
13-05-2022 01:05:15 PM: INFO: ************* Saving Vendor info **********
13-05-2022 01:05:15 PM: INFO: ********* Add Vendor validation started *****************
13-05-2022 01:05:43 PM: INFO: Chromedriver is already installed.
13-05-2022 01:05:45 PM: INFO: ************* Test_003_AddCustomer **********
13-05-2022 01:05:51 PM: INFO: ************* Login successful **********
13-05-2022 01:05:51 PM: INFO: ******* Starting Add Vendor Test **********
13-05-2022 01:05:52 PM: INFO: ************* Providing Vendor info **********
13-05-2022 01:05:56 PM: INFO: ************* Saving Vendor info **********
13-05-2022 01:05:56 PM: INFO: ********* Add Vendor validation started *****************
13-05-2022 01:07:44 PM: INFO: Chromedriver is already installed.
13-05-2022 01:07:45 PM: INFO: ************* Test_003_AddCustomer **********
13-05-2022 01:07:52 PM: INFO: ************* Login successful **********
13-05-2022 01:07:52 PM: INFO: ******* Starting Add Vendor Test **********
13-05-2022 01:07:54 PM: INFO: ************* Providing Vendor info **********
13-05-2022 01:07:58 PM: INFO: ************* Saving Vendor info **********
13-05-2022 01:07:58 PM: INFO: ********* Add Vendor validation started *****************
13-05-2022 01:09:44 PM: INFO: Chromedriver is already installed.
13-05-2022 01:09:46 PM: INFO: ************* Test_003_AddCustomer **********
13-05-2022 01:09:53 PM: INFO: ************* Login successful **********
13-05-2022 01:09:53 PM: INFO: ******* Starting Add Vendor Test **********
13-05-2022 01:09:55 PM: INFO: ************* Providing Vendor info **********
13-05-2022 01:09:59 PM: INFO: ************* Saving Vendor info **********
13-05-2022 01:09:59 PM: INFO: ********* Add Vendor validation started *****************
13-05-2022 01:10:30 PM: INFO: Chromedriver is already installed.
13-05-2022 01:10:32 PM: INFO: ************* Test_003_AddCustomer **********
13-05-2022 01:10:42 PM: INFO: ************* Login successful **********
13-05-2022 01:10:42 PM: INFO: ******* Starting Add Vendor Test **********
13-05-2022 01:10:43 PM: INFO: ************* Providing Vendor info **********
13-05-2022 01:10:48 PM: INFO: ************* Saving Vendor info **********
13-05-2022 01:10:48 PM: INFO: ********* Add Vendor validation started *****************
13-05-2022 01:10:48 PM: INFO: ********* Add Vendor Test Passed *********
13-05-2022 01:10:48 PM: INFO: ******* Ending Add Vendor test **********
13-05-2022 01:11:00 PM: INFO: Chromedriver is already installed.
13-05-2022 01:11:02 PM: INFO: ************* Test_003_AddCustomer **********
13-05-2022 01:11:13 PM: INFO: ************* Login successful **********
13-05-2022 01:11:13 PM: INFO: ******* Starting Add Vendor Test **********
13-05-2022 01:11:15 PM: INFO: ************* Providing Vendor info **********
13-05-2022 01:11:19 PM: INFO: ************* Saving Vendor info **********
13-05-2022 01:11:19 PM: INFO: ********* Add Vendor validation started *****************
13-05-2022 01:12:40 PM: INFO: Chromedriver is already installed.
13-05-2022 01:12:42 PM: INFO: ************* Test_003_AddCustomer **********
13-05-2022 01:12:52 PM: INFO: ************* Login successful **********
13-05-2022 01:12:52 PM: INFO: ******* Starting Add Vendor Test **********
13-05-2022 01:12:54 PM: INFO: ************* Providing Vendor info **********
13-05-2022 01:12:58 PM: INFO: ************* Saving Vendor info **********
13-05-2022 01:12:58 PM: INFO: ********* Add Vendor validation started *****************
13-05-2022 01:18:54 PM: INFO: Chromedriver is already installed.
13-05-2022 01:18:55 PM: INFO: ************* Test_003_AddCustomer **********
13-05-2022 01:19:07 PM: INFO: ************* Login successful **********
13-05-2022 01:19:07 PM: INFO: ******* Starting Add Vendor Test **********
13-05-2022 01:19:08 PM: INFO: ************* Providing Vendor info **********
13-05-2022 01:19:12 PM: INFO: ************* Saving Vendor info **********
13-05-2022 01:19:12 PM: INFO: ********* Add Vendor validation started *****************
13-05-2022 02:40:20 PM: INFO: Chromedriver is already installed.
13-05-2022 02:40:22 PM: INFO: ************* Test_003_AddCustomer **********
13-05-2022 02:40:30 PM: INFO: ************* Login successful **********
13-05-2022 02:40:30 PM: INFO: ******* Starting Add Vendor Test **********
13-05-2022 02:40:31 PM: INFO: ************* Providing Vendor info **********
13-05-2022 02:40:35 PM: INFO: ************* Saving Vendor info **********
13-05-2022 02:40:35 PM: INFO: ********* Add Vendor validation started *****************
13-05-2022 02:40:36 PM: INFO: ******* Ending Add Vendor test **********
13-05-2022 02:42:44 PM: INFO: Chromedriver is already installed.
13-05-2022 02:42:45 PM: INFO: ************* Test_003_AddCustomer **********
13-05-2022 02:42:53 PM: INFO: ************* Login successful **********
13-05-2022 02:42:53 PM: INFO: ******* Starting Add Vendor Test **********
13-05-2022 02:42:54 PM: INFO: ************* Providing Vendor info **********
13-05-2022 02:42:58 PM: INFO: ************* Saving Vendor info **********
13-05-2022 02:42:58 PM: INFO: ********* Add Vendor validation started *****************
13-05-2022 02:42:58 PM: ERROR: ********* Add customer Test Failed ************
13-05-2022 02:44:04 PM: INFO: Chromedriver is already installed.
13-05-2022 02:44:05 PM: INFO: ************* Test_003_AddCustomer **********
13-05-2022 02:44:12 PM: INFO: ************* Login successful **********
13-05-2022 02:44:12 PM: INFO: ******* Starting Add Vendor Test **********
13-05-2022 02:44:14 PM: INFO: ************* Providing Vendor info **********
13-05-2022 02:44:17 PM: INFO: ************* Saving Vendor info **********
13-05-2022 02:44:17 PM: INFO: ********* Add Vendor validation started *****************
13-05-2022 02:44:17 PM: ERROR: ********* Add customer Test Failed ************
13-05-2022 02:44:18 PM: INFO: ******* Ending Add Vendor test **********
13-05-2022 02:44:33 PM: INFO: Chromedriver is already installed.
13-05-2022 02:44:34 PM: INFO: ************* Test_003_AddCustomer **********
13-05-2022 02:44:41 PM: INFO: ************* Login successful **********
13-05-2022 02:44:41 PM: INFO: ******* Starting Add Vendor Test **********
13-05-2022 02:44:42 PM: INFO: ************* Providing Vendor info **********
13-05-2022 02:44:46 PM: INFO: ************* Saving Vendor info **********
13-05-2022 02:44:46 PM: INFO: ********* Add Vendor validation started *****************
13-05-2022 02:44:46 PM: ERROR: ********* Add customer Test Failed ************
13-05-2022 02:44:46 PM: INFO: ******* Ending Add Vendor test **********
13-05-2022 02:46:13 PM: INFO: Chromedriver is already installed.
13-05-2022 02:46:14 PM: INFO: ************* Test_003_AddCustomer **********
13-05-2022 02:46:21 PM: INFO: ************* Login successful **********
13-05-2022 02:46:21 PM: INFO: ******* Starting Add Vendor Test **********
13-05-2022 02:46:22 PM: INFO: ************* Providing Vendor info **********
13-05-2022 02:46:26 PM: INFO: ************* Saving Vendor info **********
13-05-2022 02:46:26 PM: INFO: ********* Add Vendor validation started *****************
13-05-2022 02:46:26 PM: ERROR: ********* Vendor is already exists ************
13-05-2022 02:46:27 PM: INFO: ******* Ending Add Vendor test **********
13-05-2022 02:57:04 PM: INFO: Chromedriver is already installed.
13-05-2022 02:57:06 PM: INFO: ************* Test_003_AddCustomer **********
13-05-2022 02:57:12 PM: INFO: ************* Login successful **********
13-05-2022 02:57:12 PM: INFO: ******* Starting Add Vendor Test **********
13-05-2022 02:57:13 PM: INFO: ************* Providing Vendor info **********
13-05-2022 02:57:17 PM: INFO: ************* Saving Vendor info **********
13-05-2022 02:57:17 PM: INFO: ********* Add Vendor validation started *****************
13-05-2022 02:57:17 PM: INFO: ********* Add Vendor Test Passed *********
13-05-2022 02:57:17 PM: INFO: ******* Ending Add Vendor test **********
13-05-2022 02:57:41 PM: INFO: Chromedriver is already installed.
13-05-2022 02:57:43 PM: INFO: ************* Test_003_AddCustomer **********
13-05-2022 02:57:48 PM: INFO: ************* Login successful **********
13-05-2022 02:57:48 PM: INFO: ******* Starting Add Vendor Test **********
13-05-2022 02:57:49 PM: INFO: ************* Providing Vendor info **********
13-05-2022 02:57:59 PM: INFO: ************* Saving Vendor info **********
13-05-2022 02:57:59 PM: INFO: ********* Add Vendor validation started *****************
13-05-2022 02:57:59 PM: INFO: ********* Add Vendor Test Passed *********
13-05-2022 02:57:59 PM: INFO: ******* Ending Add Vendor test **********
13-05-2022 02:59:20 PM: INFO: Chromedriver is already installed.
13-05-2022 02:59:21 PM: INFO: ************* Test_003_AddCustomer **********
13-05-2022 02:59:27 PM: INFO: ************* Login successful **********
13-05-2022 02:59:27 PM: INFO: ******* Starting Add Vendor Test **********
13-05-2022 02:59:28 PM: INFO: ************* Providing Vendor info **********
13-05-2022 02:59:58 PM: INFO: Chromedriver is already installed.
13-05-2022 02:59:59 PM: INFO: ************* Test_003_AddCustomer **********
13-05-2022 03:00:05 PM: INFO: ************* Login successful **********
13-05-2022 03:00:05 PM: INFO: ******* Starting Add Vendor Test **********
13-05-2022 03:00:06 PM: INFO: ************* Providing Vendor info **********
13-05-2022 03:06:14 PM: INFO: Chromedriver is already installed.
13-05-2022 03:06:16 PM: INFO: ************* Test_003_AddCustomer **********
13-05-2022 03:06:21 PM: INFO: ************* Login successful **********
13-05-2022 03:06:21 PM: INFO: ******* Starting Add Vendor Test **********
13-05-2022 03:06:22 PM: INFO: ************* Providing Vendor info **********
13-05-2022 03:14:07 PM: INFO: Chromedriver is already installed.
13-05-2022 03:14:09 PM: INFO: ************* Test_003_AddCustomer **********
13-05-2022 03:14:15 PM: INFO: ************* Login successful **********
13-05-2022 03:14:15 PM: INFO: ******* Starting Add Vendor Test **********
13-05-2022 03:14:16 PM: INFO: ************* Providing Vendor info **********
13-05-2022 03:23:30 PM: INFO: Chromedriver is already installed.
13-05-2022 03:23:31 PM: INFO: ************* Test_003_AddCustomer **********
13-05-2022 03:23:37 PM: INFO: ************* Login successful **********
13-05-2022 03:23:37 PM: INFO: ******* Starting Add Vendor Test **********
13-05-2022 03:23:38 PM: INFO: ************* Providing Vendor info **********
13-05-2022 03:30:36 PM: INFO: Chromedriver is already installed.
13-05-2022 03:30:37 PM: INFO: ************* Test_003_AddCustomer **********
13-05-2022 03:30:45 PM: INFO: ************* Login successful **********
13-05-2022 03:30:45 PM: INFO: ******* Starting Add Vendor Test **********
13-05-2022 03:30:47 PM: INFO: ************* Providing Vendor info **********
13-05-2022 03:31:29 PM: INFO: Chromedriver is already installed.
13-05-2022 03:31:30 PM: INFO: ************* Test_003_AddCustomer **********
13-05-2022 03:31:39 PM: INFO: ************* Login successful **********
13-05-2022 03:31:39 PM: INFO: ******* Starting Add Vendor Test **********
13-05-2022 03:31:40 PM: INFO: ************* Providing Vendor info **********
13-05-2022 03:59:40 PM: INFO: Chromedriver is already installed.
13-05-2022 03:59:41 PM: INFO: ************* Test_003_AddCustomer **********
13-05-2022 03:59:51 PM: INFO: ************* Login successful **********
13-05-2022 03:59:51 PM: INFO: ******* Starting Add Vendor Test **********
13-05-2022 03:59:52 PM: INFO: ************* Providing Vendor info **********
13-05-2022 04:00:43 PM: INFO: Chromedriver is already installed.
13-05-2022 04:00:44 PM: INFO: ************* Test_003_AddCustomer **********
13-05-2022 04:00:56 PM: INFO: ************* Login successful **********
13-05-2022 04:00:56 PM: INFO: ******* Starting Add Vendor Test **********
13-05-2022 04:00:58 PM: INFO: ************* Providing Vendor info **********
13-05-2022 04:01:08 PM: INFO: ************* Saving Vendor info **********
13-05-2022 04:01:08 PM: INFO: ********* Add Vendor validation started *****************
13-05-2022 04:30:20 PM: INFO: Chromedriver is already installed.
13-05-2022 04:30:21 PM: INFO: ************* Test_003_AddCustomer **********
13-05-2022 04:30:32 PM: INFO: ************* Login successful **********
13-05-2022 04:30:32 PM: INFO: ******* Starting Add Vendor Test **********
13-05-2022 04:30:34 PM: INFO: ************* Providing Vendor info **********
13-05-2022 04:30:44 PM: INFO: ************* Saving Vendor info **********
13-05-2022 04:30:44 PM: INFO: ********* Add Vendor validation started *****************
13-05-2022 04:31:37 PM: INFO: Chromedriver is already installed.
13-05-2022 04:31:39 PM: INFO: ************* Test_003_AddCustomer **********
13-05-2022 04:31:49 PM: INFO: ************* Login successful **********
13-05-2022 04:31:49 PM: INFO: ******* Starting Add Vendor Test **********
13-05-2022 04:31:50 PM: INFO: ************* Providing Vendor info **********
13-05-2022 04:32:00 PM: INFO: ************* Saving Vendor info **********
13-05-2022 04:32:00 PM: INFO: ********* Add Vendor validation started *****************
13-05-2022 04:32:55 PM: INFO: Chromedriver is already installed.
13-05-2022 04:32:57 PM: INFO: ************* Test_003_AddCustomer **********
13-05-2022 04:33:07 PM: INFO: ************* Login successful **********
13-05-2022 04:33:07 PM: INFO: ******* Starting Add Vendor Test **********
13-05-2022 04:33:09 PM: INFO: ************* Providing Vendor info **********
13-05-2022 04:33:19 PM: INFO: ************* Saving Vendor info **********
13-05-2022 04:33:19 PM: INFO: ********* Add Vendor validation started *****************
13-05-2022 04:34:52 PM: INFO: Chromedriver is already installed.
13-05-2022 04:34:54 PM: INFO: ************* Test_003_AddCustomer **********
13-05-2022 04:35:04 PM: INFO: ************* Login successful **********
13-05-2022 04:35:04 PM: INFO: ******* Starting Add Vendor Test **********
13-05-2022 04:35:06 PM: INFO: ************* Providing Vendor info **********
13-05-2022 04:35:16 PM: INFO: ************* Saving Vendor info **********
13-05-2022 04:35:16 PM: INFO: ********* Add Vendor validation started *****************
13-05-2022 04:35:17 PM: INFO: ********* Add Vendor Test Passed *********
13-05-2022 04:35:17 PM: INFO: ******* Ending Add Vendor test **********
13-05-2022 04:35:58 PM: INFO: Chromedriver is already installed.
13-05-2022 04:35:59 PM: INFO: ************* Test_003_AddCustomer **********
13-05-2022 04:36:09 PM: INFO: ************* Login successful **********
13-05-2022 04:36:09 PM: INFO: ******* Starting Add Vendor Test **********
13-05-2022 04:36:10 PM: INFO: ************* Providing Vendor info **********
13-05-2022 04:36:21 PM: INFO: ************* Saving Vendor info **********
13-05-2022 04:36:21 PM: INFO: ********* Add Vendor validation started *****************
13-05-2022 04:36:21 PM: INFO: ********* Add Vendor Test Passed *********
13-05-2022 04:36:21 PM: INFO: ******* Ending Add Vendor test **********
13-05-2022 04:38:00 PM: INFO: Chromedriver is already installed.
13-05-2022 04:38:02 PM: INFO: ************* Test_003_AddCustomer **********
13-05-2022 04:38:14 PM: INFO: ************* Login successful **********
13-05-2022 04:38:14 PM: INFO: ******* Starting Add Vendor Test **********
13-05-2022 04:38:16 PM: INFO: ************* Providing Vendor info **********
13-05-2022 04:38:28 PM: INFO: ************* Saving Vendor info **********
13-05-2022 04:38:28 PM: INFO: ********* Add Vendor validation started *****************
13-05-2022 04:38:28 PM: INFO: ********* Add Vendor Test Passed *********
13-05-2022 04:38:28 PM: INFO: ******* Ending Add Vendor test **********
13-05-2022 04:40:05 PM: INFO: Chromedriver is already installed.
13-05-2022 04:40:07 PM: INFO: ************* Test_003_AddCustomer **********
13-05-2022 04:40:16 PM: INFO: ************* Login successful **********
13-05-2022 04:40:16 PM: INFO: ******* Starting Add Vendor Test **********
13-05-2022 04:40:18 PM: INFO: ************* Providing Vendor info **********
13-05-2022 04:40:28 PM: INFO: ************* Saving Vendor info **********
13-05-2022 04:40:28 PM: INFO: ********* Add Vendor validation started *****************
13-05-2022 04:41:44 PM: INFO: Chromedriver is already installed.
13-05-2022 04:41:46 PM: INFO: ************* Test_003_AddCustomer **********
13-05-2022 04:41:54 PM: INFO: ************* Login successful **********
13-05-2022 04:41:54 PM: INFO: ******* Starting Add Vendor Test **********
13-05-2022 04:41:56 PM: INFO: ************* Providing Vendor info **********
13-05-2022 04:42:06 PM: INFO: ************* Saving Vendor info **********
13-05-2022 04:42:06 PM: INFO: ********* Add Vendor validation started *****************
13-05-2022 04:44:36 PM: INFO: Chromedriver is already installed.
13-05-2022 04:44:37 PM: INFO: ************* Test_003_AddCustomer **********
13-05-2022 04:44:47 PM: INFO: ************* Login successful **********
13-05-2022 04:44:47 PM: INFO: ******* Starting Add Vendor Test **********
13-05-2022 04:44:48 PM: INFO: ************* Providing Vendor info **********
13-05-2022 04:44:54 PM: INFO: ************* Saving Vendor info **********
13-05-2022 04:44:54 PM: INFO: ********* Add Vendor validation started *****************
13-05-2022 04:49:48 PM: INFO: Chromedriver is already installed.
13-05-2022 04:49:50 PM: INFO: ************* Test_003_AddCustomer **********
13-05-2022 04:50:03 PM: INFO: ************* Login successful **********
13-05-2022 04:50:03 PM: INFO: ******* Starting Add Vendor Test **********
13-05-2022 04:50:04 PM: INFO: ************* Providing Vendor info **********
13-05-2022 04:50:10 PM: INFO: ************* Saving Vendor info **********
13-05-2022 04:50:10 PM: INFO: ********* Add Vendor validation started *****************
13-05-2022 04:53:55 PM: INFO: Chromedriver is already installed.
13-05-2022 04:53:56 PM: INFO: *****Test_002_DDT_Login*****
13-05-2022 04:53:56 PM: INFO: ---Verifying Login DDT Test---
13-05-2022 04:54:10 PM: INFO: ---Passed---
13-05-2022 04:54:15 PM: INFO: ---Passed---
13-05-2022 04:54:15 PM: INFO: ---Login DDT test Passed---
13-05-2022 04:54:15 PM: INFO: ***End of the Login DDT Test***
13-05-2022 04:54:15 PM: INFO: ***completed Test_002_DDT_Login***
13-05-2022 04:54:15 PM: INFO: ***End of the Login DDT Test***
13-05-2022 04:54:15 PM: INFO: ***completed Test_002_DDT_Login***
13-05-2022 04:54:24 PM: INFO: Chromedriver is already installed.
13-05-2022 04:54:26 PM: INFO: ************* Test_003_AddCustomer **********
13-05-2022 04:54:34 PM: INFO: ************* Login successful **********
13-05-2022 04:54:34 PM: INFO: ******* Starting Add Vendor Test **********
13-05-2022 04:54:35 PM: INFO: ************* Providing Vendor info **********
13-05-2022 04:54:42 PM: INFO: ************* Saving Vendor info **********
13-05-2022 04:54:42 PM: INFO: ********* Add Vendor validation started *****************
13-05-2022 04:54:42 PM: INFO: ********* Add Vendor Test Passed *********
13-05-2022 04:54:43 PM: INFO: ******* Ending Add Vendor test **********
13-05-2022 04:54:49 PM: INFO: Chromedriver is already installed.
13-05-2022 04:54:51 PM: INFO: ************* Test_003_AddCustomer **********
13-05-2022 04:55:00 PM: INFO: ************* Login successful **********
13-05-2022 04:55:00 PM: INFO: ******* Starting Add Vendor Test **********
13-05-2022 04:55:01 PM: INFO: ************* Providing Vendor info **********
13-05-2022 04:55:08 PM: INFO: ************* Saving Vendor info **********
13-05-2022 04:55:08 PM: INFO: ********* Add Vendor validation started *****************
13-05-2022 04:56:15 PM: INFO: Chromedriver is already installed.
13-05-2022 04:56:16 PM: INFO: ************* Test_003_AddCustomer **********
13-05-2022 04:56:30 PM: INFO: ************* Login successful **********
13-05-2022 04:56:30 PM: INFO: ******* Starting Add Vendor Test **********
13-05-2022 04:56:31 PM: INFO: ************* Providing Vendor info **********
13-05-2022 04:56:38 PM: INFO: ************* Saving Vendor info **********
13-05-2022 04:56:38 PM: INFO: ********* Add Vendor validation started *****************
13-05-2022 04:56:38 PM: INFO: ********* Already existing vendor *********
16-05-2022 02:37:51 PM: INFO: Chromedriver is already installed.
16-05-2022 02:37:52 PM: INFO: *****Test_002_DDT_Login*****
16-05-2022 02:37:52 PM: INFO: ---Verifying Login DDT Test---
16-05-2022 02:38:18 PM: INFO: ---Passed---
16-05-2022 02:38:26 PM: INFO: ---Passed---
16-05-2022 02:38:26 PM: INFO: ---Login DDT test Passed---
16-05-2022 02:38:26 PM: INFO: ***End of the Login DDT Test***
16-05-2022 02:38:26 PM: INFO: ***completed Test_002_DDT_Login***
16-05-2022 02:38:26 PM: INFO: ***End of the Login DDT Test***
16-05-2022 02:38:26 PM: INFO: ***completed Test_002_DDT_Login***
16-05-2022 02:38:38 PM: INFO: Chromedriver is already installed.
16-05-2022 02:38:40 PM: INFO: ************* Test_003_AddCustomer **********
16-05-2022 02:39:18 PM: INFO: ************* Login successful **********
16-05-2022 02:39:18 PM: INFO: ******* Starting Add Vendor Test **********
16-05-2022 02:39:25 PM: INFO: ************* Providing Vendor info **********
16-05-2022 02:39:38 PM: INFO: ************* Saving Vendor info **********
16-05-2022 02:39:38 PM: INFO: ********* Add Vendor validation started *****************
16-05-2022 02:39:38 PM: INFO: ********* Add Vendor Test Passed *********
16-05-2022 02:39:38 PM: INFO: ******* Ending Add Vendor test **********
16-05-2022 02:39:54 PM: INFO: Chromedriver is already installed.
16-05-2022 02:39:55 PM: INFO: ************* Test_003_AddCustomer **********
16-05-2022 02:40:35 PM: INFO: ************* Login successful **********
16-05-2022 02:40:35 PM: INFO: ******* Starting Add Vendor Test **********
16-05-2022 02:40:43 PM: INFO: ************* Providing Vendor info **********
16-05-2022 02:40:52 PM: INFO: ************* Saving Vendor info **********
16-05-2022 02:40:52 PM: INFO: ********* Add Vendor validation started *****************
16-05-2022 02:40:52 PM: INFO: ********* Already existing vendor *********
17-05-2022 05:05:18 PM: INFO: Chromedriver is already installed.
17-05-2022 05:05:20 PM: INFO: ************* Search_005 **********
17-05-2022 05:05:33 PM: INFO: ************* Login succesful **********
17-05-2022 05:05:33 PM: INFO: ******* Starting Search vendor **********
17-05-2022 05:05:38 PM: INFO: ************* searching the Vendor **********
17-05-2022 05:08:52 PM: INFO: Chromedriver is already installed.
17-05-2022 05:08:54 PM: INFO: ************* Search_005 **********
17-05-2022 05:09:06 PM: INFO: ************* Login succesful **********
17-05-2022 05:09:06 PM: INFO: ******* Starting Search vendor **********
17-05-2022 05:09:06 PM: INFO: ************* searching the Vendor **********
17-05-2022 05:10:58 PM: INFO: Chromedriver is already installed.
17-05-2022 05:11:00 PM: INFO: ************* Search_005 **********
17-05-2022 05:11:09 PM: INFO: ************* Login succesful **********
17-05-2022 05:11:09 PM: INFO: ******* Starting Search vendor **********
17-05-2022 05:11:10 PM: INFO: ************* searching the Vendor **********
17-05-2022 05:11:17 PM: INFO: ***************  TC_ByName_005 Finished  *********** 
17-05-2022 05:15:13 PM: INFO: Chromedriver is already installed.
17-05-2022 05:15:14 PM: INFO: ************* Search_005 **********
17-05-2022 05:15:26 PM: INFO: ************* Login succesful **********
17-05-2022 05:15:26 PM: INFO: ******* Starting Search vendor **********
17-05-2022 05:15:26 PM: INFO: ************* searching the Vendor **********
17-05-2022 05:21:52 PM: INFO: Chromedriver is already installed.
17-05-2022 05:21:53 PM: INFO: ************* Search_005 **********
17-05-2022 05:22:26 PM: INFO: ************* Login succesful **********
17-05-2022 05:22:26 PM: INFO: ******* Starting Search vendor **********
17-05-2022 05:22:28 PM: INFO: ************* searching the Vendor **********
18-05-2022 10:21:52 AM: INFO: Chromedriver is already installed.
18-05-2022 10:21:53 AM: INFO: ************* Search_005 **********
18-05-2022 10:22:18 AM: INFO: ************* Login succesful **********
18-05-2022 10:22:18 AM: INFO: ******* Starting Search vendor **********
18-05-2022 10:22:23 AM: INFO: ************* searching the Vendor **********
18-05-2022 10:47:08 AM: INFO: Chromedriver is already installed.
18-05-2022 10:47:10 AM: INFO: ************* Test_003_AddCustomer **********
18-05-2022 10:47:19 AM: INFO: ************* Login successful **********
18-05-2022 10:47:19 AM: INFO: ******* Starting Add Vendor Test **********
18-05-2022 10:47:21 AM: INFO: ************* Providing Vendor info **********
18-05-2022 10:47:28 AM: INFO: ************* Saving Vendor info **********
18-05-2022 10:47:28 AM: INFO: ********* Add Vendor validation started *****************
18-05-2022 10:47:28 AM: INFO: ********* Add Vendor Test Passed *********
18-05-2022 10:47:28 AM: INFO: ******* Ending Add Vendor test **********
18-05-2022 10:48:10 AM: INFO: Chromedriver is already installed.
18-05-2022 10:48:11 AM: INFO: ************* Search_005 **********
18-05-2022 10:48:23 AM: INFO: ************* Login succesful **********
18-05-2022 10:48:23 AM: INFO: ******* Starting Search vendor **********
18-05-2022 10:48:24 AM: INFO: ************* searching the Vendor **********
18-05-2022 10:48:30 AM: INFO: ***************  TC_ByName_005 Finished  *********** 
18-05-2022 10:49:01 AM: INFO: Chromedriver is already installed.
18-05-2022 10:49:03 AM: INFO: ************* Search_005 **********
18-05-2022 10:49:12 AM: INFO: ************* Login succesful **********
18-05-2022 10:49:12 AM: INFO: ******* Starting Search vendor **********
18-05-2022 10:49:13 AM: INFO: ************* searching the Vendor **********
18-05-2022 10:58:00 AM: INFO: Chromedriver is already installed.
18-05-2022 10:58:01 AM: INFO: ************* Search_005 **********
18-05-2022 10:58:11 AM: INFO: ************* Login succesful **********
18-05-2022 10:58:11 AM: INFO: ******* Starting Search vendor **********
18-05-2022 10:58:12 AM: INFO: ************* searching the Vendor **********
18-05-2022 11:07:15 AM: INFO: Chromedriver is already installed.
18-05-2022 11:07:17 AM: INFO: ************* Search_005 **********
18-05-2022 11:07:25 AM: INFO: ************* Login succesful **********
18-05-2022 11:07:25 AM: INFO: ******* Starting Search vendor **********
18-05-2022 11:07:26 AM: INFO: ************* searching the Vendor **********
18-05-2022 11:07:59 AM: INFO: Chromedriver is already installed.
18-05-2022 11:08:01 AM: INFO: *****Test_002_DDT_Login*****
18-05-2022 11:08:01 AM: INFO: ---Verifying Login DDT Test---
18-05-2022 11:08:11 AM: INFO: ---Passed---
18-05-2022 11:08:16 AM: INFO: ---Passed---
18-05-2022 11:08:16 AM: INFO: ---Login DDT test Passed---
18-05-2022 11:08:16 AM: INFO: ***End of the Login DDT Test***
18-05-2022 11:08:16 AM: INFO: ***completed Test_002_DDT_Login***
18-05-2022 11:08:16 AM: INFO: ***End of the Login DDT Test***
18-05-2022 11:08:16 AM: INFO: ***completed Test_002_DDT_Login***
18-05-2022 11:09:08 AM: INFO: Chromedriver is already installed.
18-05-2022 11:09:09 AM: INFO: *****Test_002_DDT_Login*****
18-05-2022 11:09:09 AM: INFO: ---Verifying Login DDT Test---
18-05-2022 11:09:20 AM: INFO: ---Passed---
18-05-2022 11:09:25 AM: INFO: ---Passed---
18-05-2022 11:09:25 AM: INFO: ---Login DDT test Passed---
18-05-2022 11:09:25 AM: INFO: ***End of the Login DDT Test***
18-05-2022 11:09:25 AM: INFO: ***completed Test_002_DDT_Login***
18-05-2022 11:09:25 AM: INFO: ***End of the Login DDT Test***
18-05-2022 11:09:25 AM: INFO: ***completed Test_002_DDT_Login***
18-05-2022 11:23:13 AM: INFO: Chromedriver is already installed.
18-05-2022 11:23:15 AM: INFO: ************* Search_005 **********
18-05-2022 11:23:24 AM: INFO: ************* Login succesful **********
18-05-2022 11:23:24 AM: INFO: ******* Starting Search vendor **********
18-05-2022 11:23:24 AM: INFO: ************* searching the Vendor **********
18-05-2022 11:24:20 AM: INFO: Chromedriver is already installed.
18-05-2022 11:24:21 AM: INFO: ************* Search_005 **********
18-05-2022 11:24:33 AM: INFO: ************* Login succesful **********
18-05-2022 11:24:33 AM: INFO: ******* Starting Search vendor **********
18-05-2022 11:24:33 AM: INFO: ************* searching the Vendor **********
18-05-2022 11:24:40 AM: INFO: ***************  TC_ByName_005 Finished  *********** 
18-05-2022 12:41:40 PM: INFO: Chromedriver is already installed.
18-05-2022 12:41:42 PM: INFO: ************* Test_003_AddCustomer **********
18-05-2022 12:41:47 PM: INFO: ************* Login successful **********
18-05-2022 12:41:47 PM: INFO: ******* Starting Add Vendor Test **********
18-05-2022 12:41:48 PM: INFO: ************* Providing Vendor info **********
18-05-2022 12:41:55 PM: INFO: ************* Saving Vendor info **********
18-05-2022 12:41:55 PM: INFO: ********* Add Vendor validation started *****************
18-05-2022 12:41:55 PM: INFO: ********* Add Vendor Test Passed *********
18-05-2022 12:41:55 PM: INFO: ******* Ending Add Vendor test **********
18-05-2022 12:41:56 PM: INFO: Chromedriver is already installed.
18-05-2022 12:41:57 PM: INFO: ---Verifying Login Test---
18-05-2022 12:42:03 PM: INFO: ---Login Page Test Is Passed---
18-05-2022 01:05:14 PM: INFO: Chromedriver is already installed.
18-05-2022 01:05:16 PM: INFO: ---Verifying Login Test---
18-05-2022 01:05:21 PM: INFO: ---Login Page Test Is Passed---
18-05-2022 01:07:19 PM: INFO: Chromedriver is already installed.
18-05-2022 01:07:21 PM: INFO: ---Verifying Login Test---
18-05-2022 01:07:28 PM: INFO: ---Login Page Test Is Passed---
18-05-2022 01:27:54 PM: INFO: Chromedriver is already installed.
18-05-2022 01:27:56 PM: INFO: ************* Search_005 **********
18-05-2022 01:28:02 PM: INFO: ************* Login succesful **********
18-05-2022 01:28:02 PM: INFO: ******* Starting Search vendor **********
18-05-2022 01:28:02 PM: INFO: ************* searching the Vendor **********
18-05-2022 01:28:09 PM: INFO: ***************  TC_ByName_005 Finished  *********** 
18-05-2022 01:59:22 PM: INFO: Chromedriver is already installed.
18-05-2022 01:59:24 PM: INFO: *****Test_002_DDT_Login*****
18-05-2022 01:59:24 PM: INFO: ---Verifying Login DDT Test---
18-05-2022 01:59:33 PM: INFO: ---Passed---
18-05-2022 01:59:38 PM: INFO: ---Passed---
18-05-2022 01:59:38 PM: INFO: ---Login DDT test Passed---
18-05-2022 01:59:38 PM: INFO: ***End of the Login DDT Test***
18-05-2022 01:59:38 PM: INFO: ***completed Test_002_DDT_Login***
18-05-2022 01:59:38 PM: INFO: ***End of the Login DDT Test***
18-05-2022 01:59:38 PM: INFO: ***completed Test_002_DDT_Login***
18-05-2022 02:00:33 PM: INFO: Chromedriver is already installed.
18-05-2022 02:00:35 PM: INFO: *****Test_002_DDT_Login*****
18-05-2022 02:00:35 PM: INFO: ---Verifying Login DDT Test---
18-05-2022 02:00:43 PM: INFO: ---Passed---
18-05-2022 02:00:48 PM: INFO: ---Passed---
18-05-2022 02:00:48 PM: INFO: ---Login DDT test Passed---
18-05-2022 02:00:48 PM: INFO: ***End of the Login DDT Test***
18-05-2022 02:00:48 PM: INFO: ***completed Test_002_DDT_Login***
18-05-2022 02:00:48 PM: INFO: ***End of the Login DDT Test***
18-05-2022 02:00:48 PM: INFO: ***completed Test_002_DDT_Login***
18-05-2022 03:57:35 PM: INFO: Chromedriver is already installed.
18-05-2022 03:57:37 PM: INFO: *****Test_002_DDT_Login*****
18-05-2022 03:57:37 PM: INFO: ---Verifying Login DDT Test---
18-05-2022 03:57:47 PM: INFO: ---Passed---
18-05-2022 03:57:52 PM: INFO: ---Passed---
18-05-2022 03:57:52 PM: INFO: ---Login DDT test Passed---
18-05-2022 03:57:52 PM: INFO: ***End of the Login DDT Test***
18-05-2022 03:57:52 PM: INFO: ***completed Test_002_DDT_Login***
18-05-2022 03:57:52 PM: INFO: ***End of the Login DDT Test***
18-05-2022 03:57:52 PM: INFO: ***completed Test_002_DDT_Login***
18-05-2022 04:12:48 PM: INFO: Chromedriver is already installed.
18-05-2022 04:12:49 PM: INFO: *****Test_002_DDT_Login*****
18-05-2022 04:12:49 PM: INFO: ---Verifying Login DDT Test---
18-05-2022 04:15:59 PM: INFO: Chromedriver is already installed.
18-05-2022 04:16:01 PM: INFO: *****Test_002_DDT_Login*****
18-05-2022 04:16:01 PM: INFO: ---Verifying Login DDT Test---
18-05-2022 04:16:11 PM: INFO: ---Passed---
18-05-2022 04:16:15 PM: INFO: ---Passed---
18-05-2022 04:16:16 PM: INFO: ---Login DDT test Passed---
18-05-2022 04:16:16 PM: INFO: ***End of the Login DDT Test***
18-05-2022 04:16:16 PM: INFO: ***completed Test_002_DDT_Login***
18-05-2022 04:16:16 PM: INFO: ***End of the Login DDT Test***
18-05-2022 04:16:16 PM: INFO: ***completed Test_002_DDT_Login***
18-05-2022 04:16:43 PM: INFO: Chromedriver is already installed.
18-05-2022 04:16:44 PM: INFO: ************* Test_003_AddCustomer **********
18-05-2022 04:16:54 PM: INFO: ************* Login successful **********
18-05-2022 04:16:54 PM: INFO: ******* Starting Add Vendor Test **********
18-05-2022 04:16:56 PM: INFO: ************* Providing Vendor info **********
18-05-2022 04:17:02 PM: INFO: ************* Saving Vendor info **********
18-05-2022 04:17:02 PM: INFO: ********* Add Vendor validation started *****************
18-05-2022 04:17:02 PM: INFO: ********* Already existing vendor *********
18-05-2022 04:17:03 PM: INFO: Chromedriver is already installed.
18-05-2022 04:17:04 PM: INFO: ---Verifying Login Test---
18-05-2022 04:17:12 PM: INFO: ---Login Page Test Is Passed---
18-05-2022 04:19:49 PM: INFO: Chromedriver is already installed.
18-05-2022 04:19:50 PM: INFO: ************* Test_003_AddCustomer **********
18-05-2022 04:20:00 PM: INFO: ************* Login successful **********
18-05-2022 04:20:00 PM: INFO: ******* Starting Add Vendor Test **********
18-05-2022 04:20:01 PM: INFO: ************* Providing Vendor info **********
18-05-2022 04:20:08 PM: INFO: ************* Saving Vendor info **********
18-05-2022 04:20:08 PM: INFO: ********* Add Vendor validation started *****************
18-05-2022 04:20:08 PM: INFO: ********* Already existing vendor *********
18-05-2022 04:20:09 PM: INFO: Chromedriver is already installed.
18-05-2022 04:20:10 PM: INFO: ***************** Test_001_Login **************************
18-05-2022 04:20:10 PM: INFO: ---Verifying Home Page Title---
18-05-2022 04:20:14 PM: INFO: ---Home Page Title Test Is Passed---
18-05-2022 04:20:15 PM: INFO: Chromedriver is already installed.
18-05-2022 04:20:16 PM: INFO: ---Verifying Login Test---
18-05-2022 04:20:28 PM: INFO: ---Login Page Test Is Passed---
18-05-2022 04:20:29 PM: INFO: Chromedriver is already installed.
18-05-2022 04:20:30 PM: INFO: *****Test_002_DDT_Login*****
18-05-2022 04:20:30 PM: INFO: ---Verifying Login DDT Test---
18-05-2022 04:20:44 PM: INFO: ---Passed---
18-05-2022 04:20:49 PM: INFO: ---Passed---
18-05-2022 04:20:49 PM: INFO: ---Login DDT test Passed---
18-05-2022 04:20:49 PM: INFO: ***End of the Login DDT Test***
18-05-2022 04:20:49 PM: INFO: ***completed Test_002_DDT_Login***
18-05-2022 04:20:49 PM: INFO: ***End of the Login DDT Test***
18-05-2022 04:20:49 PM: INFO: ***completed Test_002_DDT_Login***
18-05-2022 04:22:06 PM: INFO: Chromedriver is already installed.
18-05-2022 04:22:07 PM: INFO: ***************** Test_001_Login **************************
18-05-2022 04:22:07 PM: INFO: ---Verifying Home Page Title---
18-05-2022 04:22:11 PM: INFO: ---Home Page Title Test Is Passed---
18-05-2022 04:22:12 PM: INFO: Chromedriver is already installed.
18-05-2022 04:22:13 PM: INFO: ---Verifying Login Test---
18-05-2022 04:22:25 PM: INFO: ---Login Page Test Is Passed---
18-05-2022 04:22:26 PM: INFO: Chromedriver is already installed.
18-05-2022 04:22:27 PM: INFO: *****Test_002_DDT_Login*****
18-05-2022 04:22:27 PM: INFO: ---Verifying Login DDT Test---
18-05-2022 04:22:40 PM: INFO: ---Passed---
18-05-2022 04:22:45 PM: INFO: ---Passed---
18-05-2022 04:22:45 PM: INFO: ---Login DDT test Passed---
18-05-2022 04:22:45 PM: INFO: ***End of the Login DDT Test***
18-05-2022 04:22:45 PM: INFO: ***completed Test_002_DDT_Login***
18-05-2022 04:22:45 PM: INFO: ***End of the Login DDT Test***
18-05-2022 04:22:45 PM: INFO: ***completed Test_002_DDT_Login***
18-05-2022 05:28:38 PM: INFO: Chromedriver is already installed.
18-05-2022 05:28:40 PM: INFO: *****Test_002_DDT_Login*****
18-05-2022 05:28:40 PM: INFO: ---Verifying Login DDT Test---
18-05-2022 05:28:55 PM: INFO: ---Passed---
18-05-2022 05:29:01 PM: INFO: ---Passed---
18-05-2022 05:29:01 PM: INFO: ---Login DDT test Passed---
18-05-2022 05:29:01 PM: INFO: ***End of the Login DDT Test***
18-05-2022 05:29:01 PM: INFO: ***completed Test_002_DDT_Login***
18-05-2022 05:29:01 PM: INFO: ***End of the Login DDT Test***
18-05-2022 05:29:01 PM: INFO: ***completed Test_002_DDT_Login***
18-05-2022 05:29:52 PM: INFO: Chromedriver is already installed.
18-05-2022 05:29:54 PM: INFO: ************* Test_003_AddCustomer **********
18-05-2022 05:30:01 PM: INFO: ************* Login successful **********
18-05-2022 05:30:01 PM: INFO: ******* Starting Add Vendor Test **********
18-05-2022 05:30:02 PM: INFO: ************* Providing Vendor info **********
18-05-2022 05:30:09 PM: INFO: ************* Saving Vendor info **********
18-05-2022 05:30:09 PM: INFO: ********* Add Vendor validation started *****************
18-05-2022 05:30:09 PM: INFO: ********* Add Vendor Test Passed *********
18-05-2022 05:30:09 PM: INFO: ******* Ending Add Vendor test **********
19-05-2022 10:48:22 AM: INFO: Chromedriver is already installed.
19-05-2022 10:48:24 AM: INFO: *****Test_002_DDT_Login*****
19-05-2022 10:48:24 AM: INFO: ---Verifying Login DDT Test---
19-05-2022 10:48:39 AM: INFO: ---Passed---
19-05-2022 10:48:45 AM: INFO: ---Passed---
19-05-2022 10:48:45 AM: INFO: ---Login DDT test Passed---
19-05-2022 10:48:45 AM: INFO: ***End of the Login DDT Test***
19-05-2022 10:48:45 AM: INFO: ***completed Test_002_DDT_Login***
19-05-2022 10:48:45 AM: INFO: ***End of the Login DDT Test***
19-05-2022 10:48:45 AM: INFO: ***completed Test_002_DDT_Login***
19-05-2022 10:54:36 AM: INFO: Chromedriver is already installed.
19-05-2022 10:54:37 AM: INFO: ************* Test_003_AddCustomer **********
19-05-2022 10:54:43 AM: INFO: ******* Starting Add Vendor Test **********
19-05-2022 10:57:28 AM: INFO: Chromedriver is already installed.
19-05-2022 10:57:29 AM: INFO: ************* Test_003_AddCustomer **********
19-05-2022 11:04:06 AM: INFO: Chromedriver is already installed.
19-05-2022 11:04:08 AM: INFO: ************* Test_003_AddCustomer **********
19-05-2022 11:04:12 AM: INFO: ******* Starting Add Vendor Test **********
19-05-2022 11:20:50 AM: INFO: Chromedriver is already installed.
19-05-2022 11:20:51 AM: INFO: ************* Test_003_AddCustomer **********
19-05-2022 11:20:55 AM: INFO: ******* Starting Add Vendor Test **********
19-05-2022 04:12:16 PM: INFO: 

19-05-2022 04:12:16 PM: INFO: ====== WebDriver manager ======
19-05-2022 04:12:17 PM: INFO: Current firefox version is 100.0
19-05-2022 04:12:17 PM: INFO: Get LATEST geckodriver version for 100.0 firefox
19-05-2022 04:12:17 PM: INFO: There is no [win64] geckodriver for browser 100.0 in cache
19-05-2022 04:12:17 PM: INFO: Getting latest mozilla release info for v0.31.0
19-05-2022 04:12:17 PM: INFO: Trying to download new driver from https://github.com/mozilla/geckodriver/releases/download/v0.31.0/geckodriver-v0.31.0-win64.zip
19-05-2022 04:12:18 PM: INFO: Driver has been saved in cache [C:\Users\getma\.wdm\drivers\geckodriver\win64\v0.31.0]
19-05-2022 04:12:25 PM: INFO: *****Test_002_DDT_Login*****
19-05-2022 04:12:25 PM: INFO: ---Verifying Login DDT Test---
19-05-2022 04:12:34 PM: INFO: ---Passed---
19-05-2022 04:12:39 PM: INFO: ---Passed---
19-05-2022 04:12:40 PM: INFO: ---Login DDT test Passed---
19-05-2022 04:12:40 PM: INFO: ***End of the Login DDT Test***
19-05-2022 04:12:40 PM: INFO: ***completed Test_002_DDT_Login***
19-05-2022 04:12:40 PM: INFO: ***End of the Login DDT Test***
19-05-2022 04:12:40 PM: INFO: ***completed Test_002_DDT_Login***
19-05-2022 04:13:05 PM: INFO: Chromedriver is already installed.
19-05-2022 04:13:07 PM: INFO: *****Test_002_DDT_Login*****
19-05-2022 04:13:07 PM: INFO: ---Verifying Login DDT Test---
19-05-2022 04:13:15 PM: INFO: ---Passed---
19-05-2022 04:13:20 PM: INFO: ---Passed---
19-05-2022 04:13:20 PM: INFO: ---Login DDT test Passed---
19-05-2022 04:13:20 PM: INFO: ***End of the Login DDT Test***
19-05-2022 04:13:20 PM: INFO: ***completed Test_002_DDT_Login***
19-05-2022 04:13:20 PM: INFO: ***End of the Login DDT Test***
19-05-2022 04:13:20 PM: INFO: ***completed Test_002_DDT_Login***
20-05-2022 05:56:16 PM: INFO: Chromedriver is already installed.
21-05-2022 11:52:12 AM: INFO: Chromedriver is already installed.
21-05-2022 12:07:09 PM: INFO: Chromedriver is already installed.
21-05-2022 12:09:16 PM: INFO: Chromedriver is already installed.
21-05-2022 12:14:56 PM: INFO: Chromedriver is already installed.
21-05-2022 12:19:54 PM: INFO: Chromedriver is already installed.
21-05-2022 12:58:05 PM: INFO: Chromedriver is already installed.
21-05-2022 12:58:07 PM: INFO: *****Test_002_DDT_Login*****
21-05-2022 12:58:07 PM: INFO: ---Verifying Login DDT Test---
21-05-2022 12:58:19 PM: INFO: ---Passed---
21-05-2022 12:58:24 PM: INFO: ---Passed---
21-05-2022 12:58:24 PM: INFO: ---Login DDT test Passed---
21-05-2022 12:58:24 PM: INFO: ***End of the Login DDT Test***
21-05-2022 12:58:24 PM: INFO: ***completed Test_002_DDT_Login***
21-05-2022 12:58:24 PM: INFO: ***End of the Login DDT Test***
21-05-2022 12:58:24 PM: INFO: ***completed Test_002_DDT_Login***
21-05-2022 01:28:59 PM: INFO: Chromedriver is already installed.
21-05-2022 01:29:01 PM: INFO: ************* Search_005 **********
21-05-2022 01:29:12 PM: INFO: ************* Login succesful **********
21-05-2022 01:29:12 PM: INFO: ******* Starting Search vendor **********
21-05-2022 01:29:12 PM: INFO: ************* searching the Vendor **********
21-05-2022 02:06:29 PM: INFO: Chromedriver is already installed.
21-05-2022 02:06:32 PM: INFO: ************* Search_005 **********
21-05-2022 02:06:41 PM: INFO: ************* Login succesful **********
21-05-2022 02:06:41 PM: INFO: ******* Starting Search vendor **********
21-05-2022 02:06:41 PM: INFO: ************* searching the Vendor **********
21-05-2022 02:06:55 PM: INFO: ***************  TC_ByName_005 Finished  *********** 
21-05-2022 02:11:48 PM: INFO: Chromedriver is already installed.
21-05-2022 02:11:50 PM: INFO: ************* Search_005 **********
21-05-2022 02:11:57 PM: INFO: ************* Login succesful **********
21-05-2022 02:11:57 PM: INFO: ******* Starting Search vendor **********
21-05-2022 02:11:58 PM: INFO: ************* searching the Vendor **********
21-05-2022 02:12:04 PM: INFO: ***************  TC_ByName_005 Finished  *********** 
21-05-2022 02:12:38 PM: INFO: Chromedriver is already installed.
21-05-2022 02:12:40 PM: INFO: ************* Search_005 **********
21-05-2022 02:12:49 PM: INFO: ************* Login succesful **********
21-05-2022 02:12:49 PM: INFO: ******* Starting Search vendor **********
21-05-2022 02:12:50 PM: INFO: ************* searching the Vendor **********
21-05-2022 02:13:12 PM: INFO: ***************  TC_ByName_005 Finished  *********** 
23-05-2022 02:48:01 PM: INFO: Chromedriver is already installed.
26-05-2022 12:57:28 PM: INFO: Chromedriver is already installed.
26-05-2022 12:57:29 PM: INFO: ***************** Test_001_Login **************************
26-05-2022 12:57:29 PM: INFO: ---Verifying Home Page Title---
26-05-2022 12:57:32 PM: INFO: ---Home Page Title Test Is Passed---
26-05-2022 12:57:33 PM: INFO: Chromedriver is already installed.
26-05-2022 12:57:35 PM: INFO: ---Verifying Login Test---
26-05-2022 12:57:45 PM: INFO: ---Login Page Test Is Passed---
26-05-2022 12:57:46 PM: INFO: Chromedriver is already installed.
26-05-2022 12:57:47 PM: INFO: *****Test_002_DDT_Login*****
26-05-2022 12:57:47 PM: INFO: ---Verifying Login DDT Test---
26-05-2022 12:57:59 PM: INFO: ---Passed---
26-05-2022 12:58:04 PM: INFO: ---Passed---
26-05-2022 12:58:05 PM: INFO: ---Login DDT test Passed---
26-05-2022 12:58:05 PM: INFO: ***End of the Login DDT Test***
26-05-2022 12:58:05 PM: INFO: ***completed Test_002_DDT_Login***
26-05-2022 12:58:05 PM: INFO: ***End of the Login DDT Test***
26-05-2022 12:58:05 PM: INFO: ***completed Test_002_DDT_Login***
26-05-2022 12:58:05 PM: INFO: Chromedriver is already installed.
26-05-2022 12:58:07 PM: INFO: ************* Search_005 **********
26-05-2022 12:58:16 PM: INFO: ************* Login succesful **********
26-05-2022 12:58:16 PM: INFO: ******* Starting Search vendor **********
26-05-2022 12:58:16 PM: INFO: ************* searching the Vendor **********
26-05-2022 12:58:18 PM: INFO: ***************  TC_ByName_005 Finished  *********** 
31-05-2022 04:43:19 PM: INFO: Chromedriver is already installed.
31-05-2022 04:43:20 PM: INFO: *****Test_002_DDT_Login*****
31-05-2022 04:43:20 PM: INFO: ---Verifying Login DDT Test---
31-05-2022 04:44:45 PM: INFO: Chromedriver is already installed.
31-05-2022 04:44:46 PM: INFO: *****Test_002_DDT_Login*****
31-05-2022 04:44:46 PM: INFO: ---Verifying Login DDT Test---
31-05-2022 04:44:55 PM: INFO: ---Passed---
31-05-2022 04:45:00 PM: INFO: ---Passed---
31-05-2022 04:45:00 PM: INFO: ---Login DDT test Passed---
31-05-2022 04:45:00 PM: INFO: ***End of the Login DDT Test***
31-05-2022 04:45:00 PM: INFO: ***completed Test_002_DDT_Login***
31-05-2022 04:45:00 PM: INFO: ***End of the Login DDT Test***
31-05-2022 04:45:00 PM: INFO: ***completed Test_002_DDT_Login***
31-05-2022 04:45:36 PM: INFO: Chromedriver is already installed.
31-05-2022 04:45:37 PM: INFO: *****Test_002_DDT_Login*****
31-05-2022 04:45:37 PM: INFO: ---Verifying Login DDT Test---
31-05-2022 04:45:47 PM: INFO: ---Passed---
31-05-2022 04:45:52 PM: INFO: ---Passed---
31-05-2022 04:45:52 PM: INFO: ---Login DDT test Passed---
31-05-2022 04:45:52 PM: INFO: ***End of the Login DDT Test***
31-05-2022 04:45:52 PM: INFO: ***completed Test_002_DDT_Login***
31-05-2022 04:45:52 PM: INFO: ***End of the Login DDT Test***
31-05-2022 04:45:52 PM: INFO: ***completed Test_002_DDT_Login***
01-06-2022 04:09:06 PM: INFO: Chromedriver is already installed.
01-06-2022 04:09:08 PM: INFO: ************* Search_005 **********
01-06-2022 04:09:15 PM: INFO: ************* Login succesful **********
01-06-2022 04:09:15 PM: INFO: ******* Starting Search vendor **********
01-06-2022 04:09:16 PM: INFO: ************* searching the Vendor **********
01-06-2022 04:09:17 PM: INFO: ***************  TC_ByName_005 Finished  *********** 
01-06-2022 04:09:55 PM: INFO: Chromedriver is already installed.
01-06-2022 04:09:57 PM: INFO: ************* Search_005 **********
01-06-2022 04:10:05 PM: INFO: ************* Login succesful **********
01-06-2022 04:10:05 PM: INFO: ******* Starting Search vendor **********
01-06-2022 04:10:06 PM: INFO: ************* searching the Vendor **********
01-06-2022 04:10:07 PM: INFO: ***************  TC_ByName_005 Finished  *********** 
06-06-2022 01:12:03 PM: INFO: Chromedriver is already installed.
06-06-2022 01:12:25 PM: INFO: Chromedriver is already installed.
06-06-2022 01:12:36 PM: INFO: Chromedriver is already installed.
06-06-2022 01:13:09 PM: INFO: Chromedriver is already installed.
06-06-2022 01:13:11 PM: INFO: ***************** Test_001_Login **************************
06-06-2022 01:13:11 PM: INFO: ---Verifying Home Page Title---
06-06-2022 01:13:13 PM: INFO: ---Home Page Title Test Is Passed---
06-06-2022 01:13:14 PM: INFO: Chromedriver is already installed.
06-06-2022 01:13:15 PM: INFO: ---Verifying Login Test---
06-06-2022 01:13:22 PM: INFO: ---Login Page Test Is Passed---
06-06-2022 01:13:23 PM: INFO: Chromedriver is already installed.
06-06-2022 01:13:24 PM: INFO: *****Test_002_DDT_Login*****
06-06-2022 01:13:24 PM: INFO: ---Verifying Login DDT Test---
06-06-2022 01:13:29 PM: INFO: Chromedriver is already installed.
06-06-2022 01:13:40 PM: INFO: Chromedriver is already installed.
06-06-2022 01:13:55 PM: INFO: Chromedriver is already installed.
06-06-2022 01:14:06 PM: INFO: Chromedriver is already installed.
06-06-2022 01:14:19 PM: INFO: Chromedriver is already installed.
06-06-2022 01:14:33 PM: INFO: Chromedriver is already installed.
06-06-2022 01:14:44 PM: INFO: Chromedriver is already installed.
06-06-2022 01:14:59 PM: INFO: Chromedriver is already installed.
06-06-2022 01:15:00 PM: INFO: ************* Search_005 **********
06-06-2022 01:15:06 PM: INFO: ************* Login succesful **********
06-06-2022 01:15:06 PM: INFO: ******* Starting Search vendor **********
06-06-2022 01:15:07 PM: INFO: ************* searching the Vendor **********
06-06-2022 01:15:08 PM: INFO: ***************  TC_ByName_005 Finished  *********** 
06-06-2022 01:15:08 PM: INFO: Chromedriver is already installed.
06-06-2022 01:15:17 PM: INFO: Chromedriver is already installed.
06-06-2022 01:15:31 PM: INFO: Chromedriver is already installed.
16-06-2022 06:39:48 PM: INFO: Chromedriver is already installed.
16-06-2022 06:39:50 PM: INFO: *****Test_002_DDT_Login*****
16-06-2022 06:39:50 PM: INFO: ---Verifying Login DDT Test---
16-06-2022 06:40:01 PM: INFO: ---Passed---
16-06-2022 06:40:06 PM: INFO: ---Passed---
16-06-2022 06:40:06 PM: INFO: ---Login DDT test Passed---
16-06-2022 06:40:06 PM: INFO: ***End of the Login DDT Test***
16-06-2022 06:40:06 PM: INFO: ***completed Test_002_DDT_Login***
16-06-2022 06:40:06 PM: INFO: ***End of the Login DDT Test***
16-06-2022 06:40:06 PM: INFO: ***completed Test_002_DDT_Login***
17-06-2022 10:56:49 AM: INFO: Chromedriver is already installed.
17-06-2022 10:56:50 AM: INFO: *****Test_002_DDT_Login*****
17-06-2022 10:56:50 AM: INFO: ---Verifying Login DDT Test---
17-06-2022 10:57:04 AM: INFO: ---Passed---
17-06-2022 10:57:09 AM: INFO: ---Passed---
17-06-2022 10:57:09 AM: INFO: ---Login DDT test Passed---
17-06-2022 10:57:09 AM: INFO: ***End of the Login DDT Test***
17-06-2022 10:57:09 AM: INFO: ***completed Test_002_DDT_Login***
17-06-2022 10:57:09 AM: INFO: ***End of the Login DDT Test***
17-06-2022 10:57:09 AM: INFO: ***completed Test_002_DDT_Login***
20-06-2022 11:46:00 AM: INFO: Chromedriver is already installed.
20-06-2022 11:46:01 AM: INFO: ***************** Test_001_Login **************************
20-06-2022 11:46:01 AM: INFO: ---Verifying Home Page Title---
20-06-2022 11:46:05 AM: INFO: ---Home Page Title Test Is Passed---
20-06-2022 11:46:06 AM: INFO: Chromedriver is already installed.
20-06-2022 11:46:08 AM: INFO: ---Verifying Login Test---
20-06-2022 11:46:16 AM: INFO: ---Login Page Test Is Passed---
20-06-2022 11:46:16 AM: INFO: Chromedriver is already installed.
20-06-2022 11:46:18 AM: INFO: *****Test_002_DDT_Login*****
20-06-2022 11:46:18 AM: INFO: ---Verifying Login DDT Test---
20-06-2022 11:46:29 AM: INFO: ---Passed---
20-06-2022 11:46:33 AM: INFO: ---Passed---
20-06-2022 11:46:33 AM: INFO: ---Login DDT test Passed---
20-06-2022 11:46:33 AM: INFO: ***End of the Login DDT Test***
20-06-2022 11:46:34 AM: INFO: ***completed Test_002_DDT_Login***
20-06-2022 11:46:34 AM: INFO: ***End of the Login DDT Test***
20-06-2022 11:46:34 AM: INFO: ***completed Test_002_DDT_Login***
20-06-2022 11:46:34 AM: INFO: Chromedriver is already installed.
20-06-2022 11:46:36 AM: INFO: ************* Search_005 **********
20-06-2022 11:46:48 AM: INFO: ************* Login succesful **********
20-06-2022 11:46:48 AM: INFO: ******* Starting Search vendor **********
20-06-2022 11:46:49 AM: INFO: ************* searching the Vendor **********
20-06-2022 11:46:50 AM: INFO: ***************  TC_ByName_005 Finished  *********** 
14-10-2022 10:37:26 AM: INFO: Downloading chromedriver (106.0.5249.21)...
14-10-2022 10:37:29 AM: INFO: ***************** Test_001_Login **************************
14-10-2022 10:37:29 AM: INFO: ---Verifying Home Page Title---
14-10-2022 10:37:32 AM: INFO: ---Home Page Title Test Is Passed---
14-10-2022 10:37:32 AM: INFO: Chromedriver is already installed.
14-10-2022 10:37:35 AM: INFO: ---Verifying Login Test---
22-10-2022 07:43:18 PM: INFO: Chromedriver is already installed.
22-10-2022 07:43:20 PM: INFO: *****Test_002_DDT_Login*****
22-10-2022 07:43:20 PM: INFO: ---Verifying Login DDT Test---
22-10-2022 07:44:36 PM: INFO: Chromedriver is already installed.
22-10-2022 07:44:38 PM: INFO: *****Test_002_DDT_Login*****
22-10-2022 07:44:38 PM: INFO: ---Verifying Login DDT Test---
